Validating configuration files...
[2025-11-20 20:09:05.282] [INFO] RPC configuration loaded successfully
✓ RPC config file validated: config/rpc-config.json
[2025-11-20 20:09:05.282] [INFO] Device configuration loaded successfully
✓ Package config file validated: config/config.json
All configuration files validated successfully.
Starting MAVLink Device Discovery...
[2025-11-20 20:09:05.282] [INFO] MAVLink Device Discovery starting...
[2025-11-20 20:09:05.282] [INFO] RPC Config: config/rpc-config.json
[2025-11-20 20:09:05.282] [INFO] Package Config: config/config.json
[2025-11-20 20:09:05.282] [INFO] Initializing RPC system...
[2025-11-20 20:09:05.282] [INFO] RpcClient initialized with ur-threadder-api thread manager and C++ wrapper
[2025-11-20 20:09:05.282] [INFO] RPC message handler configured for topic: direct_messaging/ur-mavdiscovery/requests
[2025-11-20 20:09:05.282] [INFO] RpcOperationProcessor initialized with thread pool size: 50
[2025-11-20 20:09:05] [INFO] [/home/fyou/Desktop/Ultima-Robotics-Stack/ur-mavlink-stack/ur-mavdiscovery-v1.1/ur-threadder-api/cpp/src/ThreadManager.cpp:55:createThread] ThreadManager::createThread - Starting thread creation
[2025-11-20 20:09:05] [INFO] [/home/fyou/Desktop/Ultima-Robotics-Stack/ur-mavlink-stack/ur-mavdiscovery-v1.1/ur-threadder-api/cpp/src/ThreadManager.cpp:64:createThread] ThreadManager::createThread - Stored function wrapper with ID 1
[2025-11-20 20:09:05] [INFO] [/home/fyou/Desktop/Ultima-Robotics-Stack/ur-mavlink-stack/ur-mavdiscovery-v1.1/ur-threadder-api/cpp/src/ThreadManager.cpp:87:createThread] ThreadManager::createThread - Calling thread_create
[2025-11-20 20:09:05] [INFO] [/home/fyou/Desktop/Ultima-Robotics-Stack/ur-mavlink-stack/ur-mavdiscovery-v1.1/ur-threadder-api/cpp/src/ThreadManager.cpp:89:createThread] ThreadManager::createThread - thread_create returned result=1, threadId=1
[2025-11-20 20:09:05] [INFO] [/home/fyou/Desktop/Ultima-Robotics-Stack/ur-mavlink-stack/ur-mavdiscovery-v1.1/ur-threadder-api/cpp/src/ThreadManager.cpp:99:createThread] ThreadManager::createThread - Successfully created thread with ID 1
[2025-11-20 20:09:05] [INFO] [/home/fyou/Desktop/Ultima-Robotics-Stack/ur-mavlink-stack/ur-mavdiscovery-v1.1/ur-threadder-api/cpp/src/ThreadManager.cpp:70:operator()] Thread function starting execution
[2025-11-20 20:09:05.283] [INFO] [RPC] Client thread started with ID: 1
[2025-11-20 20:09:05.283] [INFO] RPC system initialized successfully
[2025-11-20 20:09:05.283] [INFO] Initializing device manager...
[2025-11-20 20:09:05.283] [INFO] Device configuration loaded successfully
[2025-11-20 20:09:05] [ INFO] Connecting to MQTT broker 127.0.0.1:1899 (TLS: disabled)
[2025-11-20 20:09:05.283] [INFO] Enumerating existing devices...
[2025-11-20 20:09:05] [ INFO] Connection initiated successfully, waiting for callback confirmation
[2025-11-20 20:09:05] [ INFO] Starting MQTT client loop
[2025-11-20 20:09:05] [ INFO] Waiting for stable MQTT connection...
[2025-11-20 20:09:05] [ INFO] MQTT connected successfully (rc=0)
[2025-11-20 20:09:05] [ INFO] Subscribing to 1 topics from json_added_subs
[2025-11-20 20:09:05] [ INFO] Subscribed to topic: direct_messaging/ur-mavdiscovery/requests (QoS: 1)
[2025-11-20 20:09:05.289] [INFO] Found existing device: /dev/ttyACM0
[2025-11-20 20:09:05.289] [INFO] Device added: /dev/ttyACM0
[2025-11-20 20:09:05.289] [INFO] Device added to state DB: /dev/ttyACM0
[2025-11-20 20:09:05.289] [INFO] Device added: /dev/ttyACM0
[2025-11-20 20:09:05] [INFO] [/home/fyou/Desktop/Ultima-Robotics-Stack/ur-mavlink-stack/ur-mavdiscovery-v1.1/ur-threadder-api/cpp/src/ThreadManager.cpp:55:createThread] ThreadManager::createThread - Starting thread creation
[2025-11-20 20:09:05] [INFO] [/home/fyou/Desktop/Ultima-Robotics-Stack/ur-mavlink-stack/ur-mavdiscovery-v1.1/ur-threadder-api/cpp/src/ThreadManager.cpp:64:createThread] ThreadManager::createThread - Stored function wrapper with ID 1
[2025-11-20 20:09:05] [INFO] [/home/fyou/Desktop/Ultima-Robotics-Stack/ur-mavlink-stack/ur-mavdiscovery-v1.1/ur-threadder-api/cpp/src/ThreadManager.cpp:87:createThread] ThreadManager::createThread - Calling thread_create
[2025-11-20 20:09:05] [INFO] [/home/fyou/Desktop/Ultima-Robotics-Stack/ur-mavlink-stack/ur-mavdiscovery-v1.1/ur-threadder-api/cpp/src/ThreadManager.cpp:89:createThread] ThreadManager::createThread - thread_create returned result=1, threadId=1
[2025-11-20 20:09:05] [INFO] [/home/fyou/Desktop/Ultima-Robotics-Stack/ur-mavlink-stack/ur-mavdiscovery-v1.1/ur-threadder-api/cpp/src/ThreadManager.cpp:70:operator()] Thread function starting execution
[2025-11-20 20:09:05] [INFO] [/home/fyou/Desktop/Ultima-Robotics-Stack/ur-mavlink-stack/ur-mavdiscovery-v1.1/ur-threadder-api/cpp/src/ThreadManager.cpp:99:createThread] ThreadManager::createThread - Successfully created thread with ID 1
[2025-11-20 20:09:05] [INFO] [/home/fyou/Desktop/Ultima-Robotics-Stack/ur-mavlink-stack/ur-mavdiscovery-v1.1/ur-threadder-api/cpp/src/ThreadManager.cpp:387:registerThread] ThreadManager::registerThread - Called with threadId=0, attachment='/dev/ttyACM0'
[2025-11-20 20:09:05.289] [INFO] Started verification thread 1 for: /dev/ttyACM0
[2025-11-20 20:09:05] [ERROR] [/home/fyou/Desktop/Ultima-Robotics-Stack/ur-mavlink-stack/ur-mavdiscovery-v1.1/ur-threadder-api/src/thread_manager.c:1080:thread_get_state] Thread with ID 0 not found
[2025-11-20 20:09:05.289] [INFO] Started verification for: /dev/ttyACM0
[2025-11-20 20:09:05] [ERROR] [/home/fyou/Desktop/Ultima-Robotics-Stack/ur-mavlink-stack/ur-mavdiscovery-v1.1/ur-threadder-api/cpp/src/ThreadManager.cpp:395:registerThread] ThreadManager::registerThread - Thread 0 does not exist (state check failed with code -1)
[2025-11-20 20:09:05.290] [WARNING] Failed to register verification thread: ThreadManager: Cannot register non-existent thread 0
[2025-11-20 20:09:05.290] [INFO] Starting verification for: /dev/ttyACM0
[2025-11-20 20:09:05.290] [INFO] Device updated in state DB: /dev/ttyACM0
[2025-11-20 20:09:05.290] [INFO] Found existing device: /dev/ttyACM1
[2025-11-20 20:09:05.290] [INFO] Device added: /dev/ttyACM1
[2025-11-20 20:09:05.290] [INFO] Device added to state DB: /dev/ttyACM1
[2025-11-20 20:09:05.290] [INFO] Device added: /dev/ttyACM1
[2025-11-20 20:09:05] [INFO] [/home/fyou/Desktop/Ultima-Robotics-Stack/ur-mavlink-stack/ur-mavdiscovery-v1.1/ur-threadder-api/cpp/src/ThreadManager.cpp:55:createThread] ThreadManager::createThread - Starting thread creation
[2025-11-20 20:09:05] [INFO] [/home/fyou/Desktop/Ultima-Robotics-Stack/ur-mavlink-stack/ur-mavdiscovery-v1.1/ur-threadder-api/cpp/src/ThreadManager.cpp:64:createThread] ThreadManager::createThread - Stored function wrapper with ID 2
[2025-11-20 20:09:05] [INFO] [/home/fyou/Desktop/Ultima-Robotics-Stack/ur-mavlink-stack/ur-mavdiscovery-v1.1/ur-threadder-api/cpp/src/ThreadManager.cpp:87:createThread] ThreadManager::createThread - Calling thread_create
[2025-11-20 20:09:05] [INFO] [/home/fyou/Desktop/Ultima-Robotics-Stack/ur-mavlink-stack/ur-mavdiscovery-v1.1/ur-threadder-api/cpp/src/ThreadManager.cpp:89:createThread] ThreadManager::createThread - thread_create returned result=2, threadId=2
[2025-11-20 20:09:05] [INFO] [/home/fyou/Desktop/Ultima-Robotics-Stack/ur-mavlink-stack/ur-mavdiscovery-v1.1/ur-threadder-api/cpp/src/ThreadManager.cpp:70:operator()] Thread function starting execution
[2025-11-20 20:09:05] [INFO] [/home/fyou/Desktop/Ultima-Robotics-Stack/ur-mavlink-stack/ur-mavdiscovery-v1.1/ur-threadder-api/cpp/src/ThreadManager.cpp:99:createThread] ThreadManager::createThread - Successfully created thread with ID 2
[2025-11-20 20:09:05] [INFO] [/home/fyou/Desktop/Ultima-Robotics-Stack/ur-mavlink-stack/ur-mavdiscovery-v1.1/ur-threadder-api/cpp/src/ThreadManager.cpp:387:registerThread] ThreadManager::registerThread - Called with threadId=0, attachment='/dev/ttyACM1'
[2025-11-20 20:09:05.290] [INFO] Started verification thread 2 for: /dev/ttyACM1
[2025-11-20 20:09:05] [ERROR] [/home/fyou/Desktop/Ultima-Robotics-Stack/ur-mavlink-stack/ur-mavdiscovery-v1.1/ur-threadder-api/src/thread_manager.c:1080:thread_get_state] Thread with ID 0 not found
[2025-11-20 20:09:05.290] [INFO] Started verification for: /dev/ttyACM1
[2025-11-20 20:09:05] [ERROR] [/home/fyou/Desktop/Ultima-Robotics-Stack/ur-mavlink-stack/ur-mavdiscovery-v1.1/ur-threadder-api/cpp/src/ThreadManager.cpp:395:registerThread] ThreadManager::registerThread - Thread 0 does not exist (state check failed with code -1)
[2025-11-20 20:09:05.290] [WARNING] Failed to register verification thread: ThreadManager: Cannot register non-existent thread 0
[2025-11-20 20:09:05.290] [INFO] Starting verification for: /dev/ttyACM1
[2025-11-20 20:09:05.290] [INFO] Device updated in state DB: /dev/ttyACM1
[2025-11-20 20:09:05.293] [INFO] Found 2 existing device(s)
[2025-11-20 20:09:05] [INFO] [/home/fyou/Desktop/Ultima-Robotics-Stack/ur-mavlink-stack/ur-mavdiscovery-v1.1/ur-threadder-api/cpp/src/ThreadManager.cpp:55:createThread] ThreadManager::createThread - Starting thread creation
[2025-11-20 20:09:05] [INFO] [/home/fyou/Desktop/Ultima-Robotics-Stack/ur-mavlink-stack/ur-mavdiscovery-v1.1/ur-threadder-api/cpp/src/ThreadManager.cpp:64:createThread] ThreadManager::createThread - Stored function wrapper with ID 3
[2025-11-20 20:09:05] [INFO] [/home/fyou/Desktop/Ultima-Robotics-Stack/ur-mavlink-stack/ur-mavdiscovery-v1.1/ur-threadder-api/cpp/src/ThreadManager.cpp:87:createThread] ThreadManager::createThread - Calling thread_create
[2025-11-20 20:09:05] [INFO] [/home/fyou/Desktop/Ultima-Robotics-Stack/ur-mavlink-stack/ur-mavdiscovery-v1.1/ur-threadder-api/cpp/src/ThreadManager.cpp:89:createThread] ThreadManager::createThread - thread_create returned result=3, threadId=3
[2025-11-20 20:09:05] [INFO] [/home/fyou/Desktop/Ultima-Robotics-Stack/ur-mavlink-stack/ur-mavdiscovery-v1.1/ur-threadder-api/cpp/src/ThreadManager.cpp:99:createThread] ThreadManager::createThread - Successfully created thread with ID 3
[2025-11-20 20:09:05] [INFO] [/home/fyou/Desktop/Ultima-Robotics-Stack/ur-mavlink-stack/ur-mavdiscovery-v1.1/ur-threadder-api/cpp/src/ThreadManager.cpp:70:operator()] Thread function starting execution
[2025-11-20 20:09:05.293] [INFO] Device monitor started with thread ID: 3
[2025-11-20 20:09:05] [INFO] [/home/fyou/Desktop/Ultima-Robotics-Stack/ur-mavlink-stack/ur-mavdiscovery-v1.1/ur-threadder-api/cpp/src/ThreadManager.cpp:387:registerThread] ThreadManager::registerThread - Called with threadId=3, attachment='device_monitor'
[2025-11-20 20:09:05.293] [INFO] Callback registered, total callbacks: 1
[2025-11-20 20:09:05] [INFO] [/home/fyou/Desktop/Ultima-Robotics-Stack/ur-mavlink-stack/ur-mavdiscovery-v1.1/ur-threadder-api/cpp/src/ThreadManager.cpp:403:registerThread] ThreadManager::registerThread - Calling thread_register with threadId=3, attachment='device_monitor'
[2025-11-20 20:09:05] [INFO] [/home/fyou/Desktop/Ultima-Robotics-Stack/ur-mavlink-stack/ur-mavdiscovery-v1.1/ur-threadder-api/cpp/src/ThreadManager.cpp:408:registerThread] ThreadManager::registerThread - thread_register returned result=0
[2025-11-20 20:09:05] [INFO] [/home/fyou/Desktop/Ultima-Robotics-Stack/ur-mavlink-stack/ur-mavdiscovery-v1.1/ur-threadder-api/cpp/src/ThreadManager.cpp:415:registerThread] ThreadManager::registerThread - Successfully registered threadId=3 with attachment='device_monitor'
[2025-11-20 20:09:05.293] [INFO] Sending init process discovery notification
[2025-11-20 20:09:05.293] [ERROR] RPC client not available for init process discovery
[2025-11-20 20:09:05.293] [INFO] Device manager running... Press Ctrl+C to exit
[2025-11-20 20:09:05.303] [INFO] Device VERIFIED: /dev/ttyACM0 @ 57600 baud, sysid=1, compid=1
[2025-11-20 20:09:05.303] [INFO] Device updated in state DB: /dev/ttyACM0
[2025-11-20 20:09:05.303] [INFO] Notifying 1 callbacks for device: /dev/ttyACM0
[2025-11-20 20:09:05.303] [INFO] Device verified: /dev/ttyACM0
[2025-11-20 20:09:05.303] [INFO] Waiting for RPC client to be available for device added notifications... (attempt 1/10)
[2025-11-20 20:09:05] [ INFO] MQTT connection stabilized
[2025-11-20 20:09:05.803] [INFO] Waiting for RPC client to be available for device added notifications... (attempt 2/10)
[2025-11-20 20:09:05.804] [INFO] Device VERIFIED: /dev/ttyACM1 @ 57600 baud, sysid=1, compid=1
[2025-11-20 20:09:05.804] [INFO] Device updated in state DB: /dev/ttyACM1
[2025-11-20 20:09:06] [ INFO] Heartbeat started: topic=clients/ur-mavdiscovery/heartbeat, interval=5s
[2025-11-20 20:09:06] [ INFO] Heartbeat started after connection stabilization
[2025-11-20 20:09:06.283] [INFO] [RPC] Connected successfully with C++ wrapper and fixed topics
[2025-11-20 20:09:06.303] [INFO] RPC client is now available, sending device added notifications
[2025-11-20 20:09:06.303] [INFO] Sending mavlink_device_added RPC request to ur-mavrouter
[2025-11-20 20:09:06.303] [INFO] [RPC] sendRpcRequest called for service: ur-mavrouter, method: mavlink_device_added
[2025-11-20 20:09:06.303] [INFO] [RPC] Using direct topic for ur-mavrouter: direct_messaging/ur-mavrouter/requests
[2025-11-20 20:09:06.303] [INFO] [RPC] Publishing directly to topic: direct_messaging/ur-mavrouter/requests
[2025-11-20 20:09:06.303] [INFO] [RPC] RPC request sent to topic direct_messaging/ur-mavrouter/requests: mavlink_device_added to ur-mavrouter
[2025-11-20 20:09:06.303] [INFO] Sending mavlink_device_added RPC request to ur-mavcollector
[2025-11-20 20:09:06.303] [INFO] [RPC] sendRpcRequest called for service: ur-mavcollector, method: mavlink_device_added
[2025-11-20 20:09:06.303] [INFO] [RPC] Using direct topic for ur-mavcollector: direct_messaging/ur-mavcollector/requests
[2025-11-20 20:09:06.303] [INFO] [RPC] Publishing directly to topic: direct_messaging/ur-mavcollector/requests
[2025-11-20 20:09:06.303] [INFO] [RPC] RPC request sent to topic direct_messaging/ur-mavcollector/requests: mavlink_device_added to ur-mavcollector
[2025-11-20 20:09:06.303] [INFO] Sending device verified notification to ur-shared-bus
[2025-11-20 20:09:06.303] [INFO] USB Device Info JSON: {
  "autopilotType": "PX4",
  "baudrate": 57600,
  "boardClass": "Pixhawk",
  "boardName": "Holybro (Unknown Model)",
  "componentId": 1,
  "deviceName": "Pixhawk6C",
  "devicePath": "/dev/ttyACM0",
  "manufacturer": "Holybro",
  "mavlinkVersion": 2,
  "productId": "0053",
  "serialNumber": "3B0032001651333337363133",
  "systemId": 1,
  "timestamp": "2025-11-20 20:09:05",
  "vendorId": "3162"
}
[2025-11-20 20:09:06.303] [INFO] Notifying 1 callbacks for device: /dev/ttyACM1
[2025-11-20 20:09:06.303] [INFO] Device verified: /dev/ttyACM1
[2025-11-20 20:09:06.303] [INFO] RPC client is now available, sending device added notifications
[2025-11-20 20:09:06.303] [INFO] Sending mavlink_device_added RPC request to ur-mavrouter
[2025-11-20 20:09:06.303] [INFO] [RPC] sendRpcRequest called for service: ur-mavrouter, method: mavlink_device_added
[2025-11-20 20:09:06.303] [INFO] [RPC] Using direct topic for ur-mavrouter: direct_messaging/ur-mavrouter/requests
[2025-11-20 20:09:06.303] [INFO] [RPC] Publishing directly to topic: direct_messaging/ur-mavrouter/requests
[2025-11-20 20:09:06.303] [INFO] [RPC] RPC request sent to topic direct_messaging/ur-mavrouter/requests: mavlink_device_added to ur-mavrouter
[2025-11-20 20:09:06.303] [INFO] Sending mavlink_device_added RPC request to ur-mavcollector
[2025-11-20 20:09:06.303] [INFO] [RPC] sendRpcRequest called for service: ur-mavcollector, method: mavlink_device_added
[2025-11-20 20:09:06.303] [INFO] Device saved to runtime file (replaced old contents): current-runtime-device.json
[2025-11-20 20:09:06.303] [WARNING] HTTP notifications requested but HTTP support not compiled (rebuild with -DHTTP_ENABLED=ON)
[2025-11-20 20:09:06] [INFO] [/home/fyou/Desktop/Ultima-Robotics-Stack/ur-mavlink-stack/ur-mavdiscovery-v1.1/ur-threadder-api/cpp/src/ThreadManager.cpp:72:operator()] Thread function completed execution
[2025-11-20 20:09:06.303] [INFO] [RPC] Using direct topic for ur-mavcollector: direct_messaging/ur-mavcollector/requests
[2025-11-20 20:09:06.303] [INFO] [RPC] Publishing directly to topic: direct_messaging/ur-mavcollector/requests
[2025-11-20 20:09:06.303] [INFO] [RPC] RPC request sent to topic direct_messaging/ur-mavcollector/requests: mavlink_device_added to ur-mavcollector
[2025-11-20 20:09:06.303] [INFO] Sending device verified notification to ur-shared-bus
[2025-11-20 20:09:06.303] [INFO] USB Device Info JSON: {
  "autopilotType": "PX4",
  "baudrate": 57600,
  "boardClass": "Pixhawk",
  "boardName": "Holybro (Unknown Model)",
  "componentId": 1,
  "deviceName": "Pixhawk6C",
  "devicePath": "/dev/ttyACM1",
  "manufacturer": "Holybro",
  "mavlinkVersion": 2,
  "productId": "0053",
  "serialNumber": "3B0032001651333337363133",
  "systemId": 1,
  "timestamp": "2025-11-20 20:09:05",
  "vendorId": "3162"
}
[2025-11-20 20:09:06.307] [INFO] Device saved to runtime file (replaced old contents): current-runtime-device.json
[2025-11-20 20:09:06.307] [WARNING] HTTP notifications requested but HTTP support not compiled (rebuild with -DHTTP_ENABLED=ON)
[2025-11-20 20:09:06] [INFO] [/home/fyou/Desktop/Ultima-Robotics-Stack/ur-mavlink-stack/ur-mavdiscovery-v1.1/ur-threadder-api/cpp/src/ThreadManager.cpp:72:operator()] Thread function completed execution
[2025-11-20 20:09:55.976] [INFO] ThreadManager initialized with capacity: 20
[2025-11-20 20:09:55.976] [INFO] Enumerating existing devices...
[2025-11-20 20:09:55.982] [INFO] Found existing device: /dev/ttyACM0
[2025-11-20 20:09:55.982] [INFO] Device added: /dev/ttyACM0
[2025-11-20 20:09:55.982] [INFO] Device added to state DB: /dev/ttyACM0
[2025-11-20 20:09:55.982] [INFO] Device added: /dev/ttyACM0
[2025-11-20 20:09:55.982] [INFO] Started verification thread 1 for: /dev/ttyACM0
[2025-11-20 20:09:55.982] [INFO] Started verification for: /dev/ttyACM0
[2025-11-20 20:09:55.982] [INFO] Starting verification for: /dev/ttyACM0
[2025-11-20 20:09:55.982] [INFO] Device updated in state DB: /dev/ttyACM0
[2025-11-20 20:09:55.982] [INFO] Found existing device: /dev/ttyACM1
[2025-11-20 20:09:55.982] [INFO] Device added: /dev/ttyACM1
[2025-11-20 20:09:55.982] [INFO] Device added to state DB: /dev/ttyACM1
[2025-11-20 20:09:55.982] [INFO] Device added: /dev/ttyACM1
[2025-11-20 20:09:55.982] [INFO] Started verification thread 2 for: /dev/ttyACM1
[2025-11-20 20:09:55.982] [INFO] Started verification for: /dev/ttyACM1
[2025-11-20 20:09:55.983] [INFO] Starting verification for: /dev/ttyACM1
[2025-11-20 20:09:55.983] [INFO] Device updated in state DB: /dev/ttyACM1
[2025-11-20 20:09:55.985] [INFO] Found 2 existing device(s)
[2025-11-20 20:09:55.986] [INFO] Device monitor started with thread ID: 3
[2025-11-20 20:09:55.986] [INFO] Callback registered, total callbacks: 1
[2025-11-20 20:09:55.986] [INFO] Sending init process discovery notification
[2025-11-20 20:09:55.986] [ERROR] RPC client not available for init process discovery
[2025-11-20 20:09:55.986] [INFO] RpcClient initialized with ur-threadder-api thread manager and C++ wrapper
[2025-11-20 20:09:55.986] [INFO] RPC message handler configured for topic: direct_messaging/ur-mavdiscovery/requests
[2025-11-20 20:09:55.986] [INFO] RpcOperationProcessor initialized with thread pool size: 50
[2025-11-20 20:09:55.986] [INFO] [RPC] Client thread started with ID: 1
[2025-11-20 20:09:55.986] [INFO] RPC system initialized successfully
[2025-11-20 20:09:55.986] [INFO] Device manager running... Press Ctrl+C to exit
[2025-11-20 20:09:55.993] [INFO] Device VERIFIED: /dev/ttyACM0 @ 57600 baud, sysid=1, compid=1
[2025-11-20 20:09:55.993] [INFO] Device updated in state DB: /dev/ttyACM0
[2025-11-20 20:09:55.993] [INFO] Notifying 1 callbacks for device: /dev/ttyACM0
[2025-11-20 20:09:55.993] [INFO] Device verified: /dev/ttyACM0
[2025-11-20 20:09:55.993] [ERROR] RPC client not available for device added notifications
[2025-11-20 20:09:55.993] [ERROR] RPC client not available for device verified notifications
[2025-11-20 20:09:55.993] [INFO] USB Device Info JSON: {
  "autopilotType": "PX4",
  "baudrate": 57600,
  "boardClass": "Pixhawk",
  "boardName": "Holybro (Unknown Model)",
  "componentId": 1,
  "deviceName": "Pixhawk6C",
  "devicePath": "/dev/ttyACM0",
  "manufacturer": "Holybro",
  "mavlinkVersion": 2,
  "productId": "0053",
  "serialNumber": "3B0032001651333337363133",
  "systemId": 1,
  "timestamp": "2025-11-20 20:09:55",
  "vendorId": "3162"
}
[2025-11-20 20:09:55.993] [INFO] Device saved to runtime file (replaced old contents): current-runtime-device.json
[2025-11-20 20:09:55.993] [WARNING] HTTP notifications requested but HTTP support not compiled (rebuild with -DHTTP_ENABLED=ON)
[2025-11-20 20:09:55.995] [INFO] Device VERIFIED: /dev/ttyACM1 @ 57600 baud, sysid=1, compid=1
[2025-11-20 20:09:55.995] [INFO] Device updated in state DB: /dev/ttyACM1
[2025-11-20 20:09:55.995] [INFO] Notifying 1 callbacks for device: /dev/ttyACM1
[2025-11-20 20:09:55.995] [INFO] Device verified: /dev/ttyACM1
[2025-11-20 20:09:55.995] [ERROR] RPC client not available for device added notifications
[2025-11-20 20:09:55.995] [ERROR] RPC client not available for device verified notifications
[2025-11-20 20:09:55.995] [INFO] USB Device Info JSON: {
  "autopilotType": "PX4",
  "baudrate": 57600,
  "boardClass": "Pixhawk",
  "boardName": "Holybro (Unknown Model)",
  "componentId": 1,
  "deviceName": "Pixhawk6C",
  "devicePath": "/dev/ttyACM1",
  "manufacturer": "Holybro",
  "mavlinkVersion": 2,
  "productId": "0053",
  "serialNumber": "3B0032001651333337363133",
  "systemId": 1,
  "timestamp": "2025-11-20 20:09:55",
  "vendorId": "3162"
}
[2025-11-20 20:09:55.998] [INFO] Device saved to runtime file (replaced old contents): current-runtime-device.json
[2025-11-20 20:09:55.998] [WARNING] HTTP notifications requested but HTTP support not compiled (rebuild with -DHTTP_ENABLED=ON)
[2025-11-20 20:09:56.987] [INFO] [RPC] Connected successfully with C++ wrapper and fixed topics
