The system is: Linux - 6.8.0-87-generic - x86_64
Compiling the C compiler identification source file "CMakeCCompilerId.c" succeeded.
Compiler: /usr/bin/cc 
Build flags: -fPIC
Id flags:  

The output was:
0


Compilation of the C compiler identification source "CMakeCCompilerId.c" produced "a.out"

The C compiler identification is GNU, found in "/home/fyousfi/Pictures/Ultima-Robotics-Stack/ur-rpc-mastered-main/ur-rpc-mastered/pkg_src/deps/cjson/CMakeFiles/3.22.1/CompilerIdC/a.out"

Detecting C compiler ABI info compiled with the following output:
Change Dir: /home/fyousfi/Pictures/Ultima-Robotics-Stack/ur-rpc-mastered-main/ur-rpc-mastered/pkg_src/deps/cjson/CMakeFiles/CMakeTmp

Run Build Command(s):/usr/bin/gmake -f Makefile cmTC_5dd96/fast && gmake[4]: Entering directory '/home/fyousfi/Pictures/Ultima-Robotics-Stack/ur-rpc-mastered-main/ur-rpc-mastered/pkg_src/deps/cjson/CMakeFiles/CMakeTmp'
/usr/bin/gmake  -f CMakeFiles/cmTC_5dd96.dir/build.make CMakeFiles/cmTC_5dd96.dir/build
gmake[5]: Entering directory '/home/fyousfi/Pictures/Ultima-Robotics-Stack/ur-rpc-mastered-main/ur-rpc-mastered/pkg_src/deps/cjson/CMakeFiles/CMakeTmp'
Building C object CMakeFiles/cmTC_5dd96.dir/CMakeCCompilerABI.c.o
/usr/bin/cc   -fPIC    -v -o CMakeFiles/cmTC_5dd96.dir/CMakeCCompilerABI.c.o -c /usr/share/cmake-3.22/Modules/CMakeCCompilerABI.c
Using built-in specs.
COLLECT_GCC=/usr/bin/cc
OFFLOAD_TARGET_NAMES=nvptx-none:amdgcn-amdhsa
OFFLOAD_TARGET_DEFAULT=1
Target: x86_64-linux-gnu
Configured with: ../src/configure -v --with-pkgversion='Ubuntu 11.4.0-1ubuntu1~22.04.2' --with-bugurl=file:///usr/share/doc/gcc-11/README.Bugs --enable-languages=c,ada,c++,go,brig,d,fortran,objc,obj-c++,m2 --prefix=/usr --with-gcc-major-version-only --program-suffix=-11 --program-prefix=x86_64-linux-gnu- --enable-shared --enable-linker-build-id --libexecdir=/usr/lib --without-included-gettext --enable-threads=posix --libdir=/usr/lib --enable-nls --enable-bootstrap --enable-clocale=gnu --enable-libstdcxx-debug --enable-libstdcxx-time=yes --with-default-libstdcxx-abi=new --enable-gnu-unique-object --disable-vtable-verify --enable-plugin --enable-default-pie --with-system-zlib --enable-libphobos-checking=release --with-target-system-zlib=auto --enable-objc-gc=auto --enable-multiarch --disable-werror --enable-cet --with-arch-32=i686 --with-abi=m64 --with-multilib-list=m32,m64,mx32 --enable-multilib --with-tune=generic --enable-offload-targets=nvptx-none=/build/gcc-11-2Y5pKs/gcc-11-11.4.0/debian/tmp-nvptx/usr,amdgcn-amdhsa=/build/gcc-11-2Y5pKs/gcc-11-11.4.0/debian/tmp-gcn/usr --without-cuda-driver --enable-checking=release --build=x86_64-linux-gnu --host=x86_64-linux-gnu --target=x86_64-linux-gnu --with-build-config=bootstrap-lto-lean --enable-link-serialization=2
Thread model: posix
Supported LTO compression algorithms: zlib zstd
gcc version 11.4.0 (Ubuntu 11.4.0-1ubuntu1~22.04.2) 
COLLECT_GCC_OPTIONS='-fPIC' '-v' '-o' 'CMakeFiles/cmTC_5dd96.dir/CMakeCCompilerABI.c.o' '-c' '-mtune=generic' '-march=x86-64' '-dumpdir' 'CMakeFiles/cmTC_5dd96.dir/'
 /usr/lib/gcc/x86_64-linux-gnu/11/cc1 -quiet -v -imultiarch x86_64-linux-gnu /usr/share/cmake-3.22/Modules/CMakeCCompilerABI.c -quiet -dumpdir CMakeFiles/cmTC_5dd96.dir/ -dumpbase CMakeCCompilerABI.c.c -dumpbase-ext .c -mtune=generic -march=x86-64 -version -fPIC -fasynchronous-unwind-tables -fstack-protector-strong -Wformat -Wformat-security -fstack-clash-protection -fcf-protection -o /tmp/cccKTeZV.s
GNU C17 (Ubuntu 11.4.0-1ubuntu1~22.04.2) version 11.4.0 (x86_64-linux-gnu)
	compiled by GNU C version 11.4.0, GMP version 6.2.1, MPFR version 4.1.0, MPC version 1.2.1, isl version isl-0.24-GMP

GGC heuristics: --param ggc-min-expand=100 --param ggc-min-heapsize=131072
ignoring nonexistent directory "/usr/local/include/x86_64-linux-gnu"
ignoring nonexistent directory "/usr/lib/gcc/x86_64-linux-gnu/11/include-fixed"
ignoring nonexistent directory "/usr/lib/gcc/x86_64-linux-gnu/11/../../../../x86_64-linux-gnu/include"
#include "..." search starts here:
#include <...> search starts here:
 /usr/lib/gcc/x86_64-linux-gnu/11/include
 /usr/local/include
 /usr/include/x86_64-linux-gnu
 /usr/include
End of search list.
GNU C17 (Ubuntu 11.4.0-1ubuntu1~22.04.2) version 11.4.0 (x86_64-linux-gnu)
	compiled by GNU C version 11.4.0, GMP version 6.2.1, MPFR version 4.1.0, MPC version 1.2.1, isl version isl-0.24-GMP

GGC heuristics: --param ggc-min-expand=100 --param ggc-min-heapsize=131072
Compiler executable checksum: 4011c2103cba78949d7e02d0f0047a3d
COLLECT_GCC_OPTIONS='-fPIC' '-v' '-o' 'CMakeFiles/cmTC_5dd96.dir/CMakeCCompilerABI.c.o' '-c' '-mtune=generic' '-march=x86-64' '-dumpdir' 'CMakeFiles/cmTC_5dd96.dir/'
 as -v --64 -o CMakeFiles/cmTC_5dd96.dir/CMakeCCompilerABI.c.o /tmp/cccKTeZV.s
GNU assembler version 2.38 (x86_64-linux-gnu) using BFD version (GNU Binutils for Ubuntu) 2.38
COMPILER_PATH=/usr/lib/gcc/x86_64-linux-gnu/11/:/usr/lib/gcc/x86_64-linux-gnu/11/:/usr/lib/gcc/x86_64-linux-gnu/:/usr/lib/gcc/x86_64-linux-gnu/11/:/usr/lib/gcc/x86_64-linux-gnu/
LIBRARY_PATH=/usr/lib/gcc/x86_64-linux-gnu/11/:/usr/lib/gcc/x86_64-linux-gnu/11/../../../x86_64-linux-gnu/:/usr/lib/gcc/x86_64-linux-gnu/11/../../../../lib/:/lib/x86_64-linux-gnu/:/lib/../lib/:/usr/lib/x86_64-linux-gnu/:/usr/lib/../lib/:/usr/lib/gcc/x86_64-linux-gnu/11/../../../:/lib/:/usr/lib/
COLLECT_GCC_OPTIONS='-fPIC' '-v' '-o' 'CMakeFiles/cmTC_5dd96.dir/CMakeCCompilerABI.c.o' '-c' '-mtune=generic' '-march=x86-64' '-dumpdir' 'CMakeFiles/cmTC_5dd96.dir/CMakeCCompilerABI.c.'
Linking C executable cmTC_5dd96
/usr/bin/cmake -E cmake_link_script CMakeFiles/cmTC_5dd96.dir/link.txt --verbose=1
/usr/bin/cc -fPIC   -v -rdynamic CMakeFiles/cmTC_5dd96.dir/CMakeCCompilerABI.c.o -o cmTC_5dd96 
Using built-in specs.
COLLECT_GCC=/usr/bin/cc
COLLECT_LTO_WRAPPER=/usr/lib/gcc/x86_64-linux-gnu/11/lto-wrapper
OFFLOAD_TARGET_NAMES=nvptx-none:amdgcn-amdhsa
OFFLOAD_TARGET_DEFAULT=1
Target: x86_64-linux-gnu
Configured with: ../src/configure -v --with-pkgversion='Ubuntu 11.4.0-1ubuntu1~22.04.2' --with-bugurl=file:///usr/share/doc/gcc-11/README.Bugs --enable-languages=c,ada,c++,go,brig,d,fortran,objc,obj-c++,m2 --prefix=/usr --with-gcc-major-version-only --program-suffix=-11 --program-prefix=x86_64-linux-gnu- --enable-shared --enable-linker-build-id --libexecdir=/usr/lib --without-included-gettext --enable-threads=posix --libdir=/usr/lib --enable-nls --enable-bootstrap --enable-clocale=gnu --enable-libstdcxx-debug --enable-libstdcxx-time=yes --with-default-libstdcxx-abi=new --enable-gnu-unique-object --disable-vtable-verify --enable-plugin --enable-default-pie --with-system-zlib --enable-libphobos-checking=release --with-target-system-zlib=auto --enable-objc-gc=auto --enable-multiarch --disable-werror --enable-cet --with-arch-32=i686 --with-abi=m64 --with-multilib-list=m32,m64,mx32 --enable-multilib --with-tune=generic --enable-offload-targets=nvptx-none=/build/gcc-11-2Y5pKs/gcc-11-11.4.0/debian/tmp-nvptx/usr,amdgcn-amdhsa=/build/gcc-11-2Y5pKs/gcc-11-11.4.0/debian/tmp-gcn/usr --without-cuda-driver --enable-checking=release --build=x86_64-linux-gnu --host=x86_64-linux-gnu --target=x86_64-linux-gnu --with-build-config=bootstrap-lto-lean --enable-link-serialization=2
Thread model: posix
Supported LTO compression algorithms: zlib zstd
gcc version 11.4.0 (Ubuntu 11.4.0-1ubuntu1~22.04.2) 
COMPILER_PATH=/usr/lib/gcc/x86_64-linux-gnu/11/:/usr/lib/gcc/x86_64-linux-gnu/11/:/usr/lib/gcc/x86_64-linux-gnu/:/usr/lib/gcc/x86_64-linux-gnu/11/:/usr/lib/gcc/x86_64-linux-gnu/
LIBRARY_PATH=/usr/lib/gcc/x86_64-linux-gnu/11/:/usr/lib/gcc/x86_64-linux-gnu/11/../../../x86_64-linux-gnu/:/usr/lib/gcc/x86_64-linux-gnu/11/../../../../lib/:/lib/x86_64-linux-gnu/:/lib/../lib/:/usr/lib/x86_64-linux-gnu/:/usr/lib/../lib/:/usr/lib/gcc/x86_64-linux-gnu/11/../../../:/lib/:/usr/lib/
COLLECT_GCC_OPTIONS='-fPIC' '-v' '-rdynamic' '-o' 'cmTC_5dd96' '-mtune=generic' '-march=x86-64' '-dumpdir' 'cmTC_5dd96.'
 /usr/lib/gcc/x86_64-linux-gnu/11/collect2 -plugin /usr/lib/gcc/x86_64-linux-gnu/11/liblto_plugin.so -plugin-opt=/usr/lib/gcc/x86_64-linux-gnu/11/lto-wrapper -plugin-opt=-fresolution=/tmp/ccvCaFJj.res -plugin-opt=-pass-through=-lgcc -plugin-opt=-pass-through=-lgcc_s -plugin-opt=-pass-through=-lc -plugin-opt=-pass-through=-lgcc -plugin-opt=-pass-through=-lgcc_s --build-id --eh-frame-hdr -m elf_x86_64 --hash-style=gnu --as-needed -export-dynamic -dynamic-linker /lib64/ld-linux-x86-64.so.2 -pie -z now -z relro -o cmTC_5dd96 /usr/lib/gcc/x86_64-linux-gnu/11/../../../x86_64-linux-gnu/Scrt1.o /usr/lib/gcc/x86_64-linux-gnu/11/../../../x86_64-linux-gnu/crti.o /usr/lib/gcc/x86_64-linux-gnu/11/crtbeginS.o -L/usr/lib/gcc/x86_64-linux-gnu/11 -L/usr/lib/gcc/x86_64-linux-gnu/11/../../../x86_64-linux-gnu -L/usr/lib/gcc/x86_64-linux-gnu/11/../../../../lib -L/lib/x86_64-linux-gnu -L/lib/../lib -L/usr/lib/x86_64-linux-gnu -L/usr/lib/../lib -L/usr/lib/gcc/x86_64-linux-gnu/11/../../.. CMakeFiles/cmTC_5dd96.dir/CMakeCCompilerABI.c.o -lgcc --push-state --as-needed -lgcc_s --pop-state -lc -lgcc --push-state --as-needed -lgcc_s --pop-state /usr/lib/gcc/x86_64-linux-gnu/11/crtendS.o /usr/lib/gcc/x86_64-linux-gnu/11/../../../x86_64-linux-gnu/crtn.o
COLLECT_GCC_OPTIONS='-fPIC' '-v' '-rdynamic' '-o' 'cmTC_5dd96' '-mtune=generic' '-march=x86-64' '-dumpdir' 'cmTC_5dd96.'
gmake[5]: Leaving directory '/home/fyousfi/Pictures/Ultima-Robotics-Stack/ur-rpc-mastered-main/ur-rpc-mastered/pkg_src/deps/cjson/CMakeFiles/CMakeTmp'
gmake[4]: Leaving directory '/home/fyousfi/Pictures/Ultima-Robotics-Stack/ur-rpc-mastered-main/ur-rpc-mastered/pkg_src/deps/cjson/CMakeFiles/CMakeTmp'



Parsed C implicit include dir info from above output: rv=done
  found start of include info
  found start of implicit include info
    add: [/usr/lib/gcc/x86_64-linux-gnu/11/include]
    add: [/usr/local/include]
    add: [/usr/include/x86_64-linux-gnu]
    add: [/usr/include]
  end of search list found
  collapse include dir [/usr/lib/gcc/x86_64-linux-gnu/11/include] ==> [/usr/lib/gcc/x86_64-linux-gnu/11/include]
  collapse include dir [/usr/local/include] ==> [/usr/local/include]
  collapse include dir [/usr/include/x86_64-linux-gnu] ==> [/usr/include/x86_64-linux-gnu]
  collapse include dir [/usr/include] ==> [/usr/include]
  implicit include dirs: [/usr/lib/gcc/x86_64-linux-gnu/11/include;/usr/local/include;/usr/include/x86_64-linux-gnu;/usr/include]


Parsed C implicit link information from above output:
  link line regex: [^( *|.*[/\])(ld|CMAKE_LINK_STARTFILE-NOTFOUND|([^/\]+-)?ld|collect2)[^/\]*( |$)]
  ignore line: [Change Dir: /home/fyousfi/Pictures/Ultima-Robotics-Stack/ur-rpc-mastered-main/ur-rpc-mastered/pkg_src/deps/cjson/CMakeFiles/CMakeTmp]
  ignore line: []
  ignore line: [Run Build Command(s):/usr/bin/gmake -f Makefile cmTC_5dd96/fast && gmake[4]: Entering directory '/home/fyousfi/Pictures/Ultima-Robotics-Stack/ur-rpc-mastered-main/ur-rpc-mastered/pkg_src/deps/cjson/CMakeFiles/CMakeTmp']
  ignore line: [/usr/bin/gmake  -f CMakeFiles/cmTC_5dd96.dir/build.make CMakeFiles/cmTC_5dd96.dir/build]
  ignore line: [gmake[5]: Entering directory '/home/fyousfi/Pictures/Ultima-Robotics-Stack/ur-rpc-mastered-main/ur-rpc-mastered/pkg_src/deps/cjson/CMakeFiles/CMakeTmp']
  ignore line: [Building C object CMakeFiles/cmTC_5dd96.dir/CMakeCCompilerABI.c.o]
  ignore line: [/usr/bin/cc   -fPIC    -v -o CMakeFiles/cmTC_5dd96.dir/CMakeCCompilerABI.c.o -c /usr/share/cmake-3.22/Modules/CMakeCCompilerABI.c]
  ignore line: [Using built-in specs.]
  ignore line: [COLLECT_GCC=/usr/bin/cc]
  ignore line: [OFFLOAD_TARGET_NAMES=nvptx-none:amdgcn-amdhsa]
  ignore line: [OFFLOAD_TARGET_DEFAULT=1]
  ignore line: [Target: x86_64-linux-gnu]
  ignore line: [Configured with: ../src/configure -v --with-pkgversion='Ubuntu 11.4.0-1ubuntu1~22.04.2' --with-bugurl=file:///usr/share/doc/gcc-11/README.Bugs --enable-languages=c ada c++ go brig d fortran objc obj-c++ m2 --prefix=/usr --with-gcc-major-version-only --program-suffix=-11 --program-prefix=x86_64-linux-gnu- --enable-shared --enable-linker-build-id --libexecdir=/usr/lib --without-included-gettext --enable-threads=posix --libdir=/usr/lib --enable-nls --enable-bootstrap --enable-clocale=gnu --enable-libstdcxx-debug --enable-libstdcxx-time=yes --with-default-libstdcxx-abi=new --enable-gnu-unique-object --disable-vtable-verify --enable-plugin --enable-default-pie --with-system-zlib --enable-libphobos-checking=release --with-target-system-zlib=auto --enable-objc-gc=auto --enable-multiarch --disable-werror --enable-cet --with-arch-32=i686 --with-abi=m64 --with-multilib-list=m32 m64 mx32 --enable-multilib --with-tune=generic --enable-offload-targets=nvptx-none=/build/gcc-11-2Y5pKs/gcc-11-11.4.0/debian/tmp-nvptx/usr amdgcn-amdhsa=/build/gcc-11-2Y5pKs/gcc-11-11.4.0/debian/tmp-gcn/usr --without-cuda-driver --enable-checking=release --build=x86_64-linux-gnu --host=x86_64-linux-gnu --target=x86_64-linux-gnu --with-build-config=bootstrap-lto-lean --enable-link-serialization=2]
  ignore line: [Thread model: posix]
  ignore line: [Supported LTO compression algorithms: zlib zstd]
  ignore line: [gcc version 11.4.0 (Ubuntu 11.4.0-1ubuntu1~22.04.2) ]
  ignore line: [COLLECT_GCC_OPTIONS='-fPIC' '-v' '-o' 'CMakeFiles/cmTC_5dd96.dir/CMakeCCompilerABI.c.o' '-c' '-mtune=generic' '-march=x86-64' '-dumpdir' 'CMakeFiles/cmTC_5dd96.dir/']
  ignore line: [ /usr/lib/gcc/x86_64-linux-gnu/11/cc1 -quiet -v -imultiarch x86_64-linux-gnu /usr/share/cmake-3.22/Modules/CMakeCCompilerABI.c -quiet -dumpdir CMakeFiles/cmTC_5dd96.dir/ -dumpbase CMakeCCompilerABI.c.c -dumpbase-ext .c -mtune=generic -march=x86-64 -version -fPIC -fasynchronous-unwind-tables -fstack-protector-strong -Wformat -Wformat-security -fstack-clash-protection -fcf-protection -o /tmp/cccKTeZV.s]
  ignore line: [GNU C17 (Ubuntu 11.4.0-1ubuntu1~22.04.2) version 11.4.0 (x86_64-linux-gnu)]
  ignore line: [	compiled by GNU C version 11.4.0  GMP version 6.2.1  MPFR version 4.1.0  MPC version 1.2.1  isl version isl-0.24-GMP]
  ignore line: []
  ignore line: [GGC heuristics: --param ggc-min-expand=100 --param ggc-min-heapsize=131072]
  ignore line: [ignoring nonexistent directory "/usr/local/include/x86_64-linux-gnu"]
  ignore line: [ignoring nonexistent directory "/usr/lib/gcc/x86_64-linux-gnu/11/include-fixed"]
  ignore line: [ignoring nonexistent directory "/usr/lib/gcc/x86_64-linux-gnu/11/../../../../x86_64-linux-gnu/include"]
  ignore line: [#include "..." search starts here:]
  ignore line: [#include <...> search starts here:]
  ignore line: [ /usr/lib/gcc/x86_64-linux-gnu/11/include]
  ignore line: [ /usr/local/include]
  ignore line: [ /usr/include/x86_64-linux-gnu]
  ignore line: [ /usr/include]
  ignore line: [End of search list.]
  ignore line: [GNU C17 (Ubuntu 11.4.0-1ubuntu1~22.04.2) version 11.4.0 (x86_64-linux-gnu)]
  ignore line: [	compiled by GNU C version 11.4.0  GMP version 6.2.1  MPFR version 4.1.0  MPC version 1.2.1  isl version isl-0.24-GMP]
  ignore line: []
  ignore line: [GGC heuristics: --param ggc-min-expand=100 --param ggc-min-heapsize=131072]
  ignore line: [Compiler executable checksum: 4011c2103cba78949d7e02d0f0047a3d]
  ignore line: [COLLECT_GCC_OPTIONS='-fPIC' '-v' '-o' 'CMakeFiles/cmTC_5dd96.dir/CMakeCCompilerABI.c.o' '-c' '-mtune=generic' '-march=x86-64' '-dumpdir' 'CMakeFiles/cmTC_5dd96.dir/']
  ignore line: [ as -v --64 -o CMakeFiles/cmTC_5dd96.dir/CMakeCCompilerABI.c.o /tmp/cccKTeZV.s]
  ignore line: [GNU assembler version 2.38 (x86_64-linux-gnu) using BFD version (GNU Binutils for Ubuntu) 2.38]
  ignore line: [COMPILER_PATH=/usr/lib/gcc/x86_64-linux-gnu/11/:/usr/lib/gcc/x86_64-linux-gnu/11/:/usr/lib/gcc/x86_64-linux-gnu/:/usr/lib/gcc/x86_64-linux-gnu/11/:/usr/lib/gcc/x86_64-linux-gnu/]
  ignore line: [LIBRARY_PATH=/usr/lib/gcc/x86_64-linux-gnu/11/:/usr/lib/gcc/x86_64-linux-gnu/11/../../../x86_64-linux-gnu/:/usr/lib/gcc/x86_64-linux-gnu/11/../../../../lib/:/lib/x86_64-linux-gnu/:/lib/../lib/:/usr/lib/x86_64-linux-gnu/:/usr/lib/../lib/:/usr/lib/gcc/x86_64-linux-gnu/11/../../../:/lib/:/usr/lib/]
  ignore line: [COLLECT_GCC_OPTIONS='-fPIC' '-v' '-o' 'CMakeFiles/cmTC_5dd96.dir/CMakeCCompilerABI.c.o' '-c' '-mtune=generic' '-march=x86-64' '-dumpdir' 'CMakeFiles/cmTC_5dd96.dir/CMakeCCompilerABI.c.']
  ignore line: [Linking C executable cmTC_5dd96]
  ignore line: [/usr/bin/cmake -E cmake_link_script CMakeFiles/cmTC_5dd96.dir/link.txt --verbose=1]
  ignore line: [/usr/bin/cc -fPIC   -v -rdynamic CMakeFiles/cmTC_5dd96.dir/CMakeCCompilerABI.c.o -o cmTC_5dd96 ]
  ignore line: [Using built-in specs.]
  ignore line: [COLLECT_GCC=/usr/bin/cc]
  ignore line: [COLLECT_LTO_WRAPPER=/usr/lib/gcc/x86_64-linux-gnu/11/lto-wrapper]
  ignore line: [OFFLOAD_TARGET_NAMES=nvptx-none:amdgcn-amdhsa]
  ignore line: [OFFLOAD_TARGET_DEFAULT=1]
  ignore line: [Target: x86_64-linux-gnu]
  ignore line: [Configured with: ../src/configure -v --with-pkgversion='Ubuntu 11.4.0-1ubuntu1~22.04.2' --with-bugurl=file:///usr/share/doc/gcc-11/README.Bugs --enable-languages=c ada c++ go brig d fortran objc obj-c++ m2 --prefix=/usr --with-gcc-major-version-only --program-suffix=-11 --program-prefix=x86_64-linux-gnu- --enable-shared --enable-linker-build-id --libexecdir=/usr/lib --without-included-gettext --enable-threads=posix --libdir=/usr/lib --enable-nls --enable-bootstrap --enable-clocale=gnu --enable-libstdcxx-debug --enable-libstdcxx-time=yes --with-default-libstdcxx-abi=new --enable-gnu-unique-object --disable-vtable-verify --enable-plugin --enable-default-pie --with-system-zlib --enable-libphobos-checking=release --with-target-system-zlib=auto --enable-objc-gc=auto --enable-multiarch --disable-werror --enable-cet --with-arch-32=i686 --with-abi=m64 --with-multilib-list=m32 m64 mx32 --enable-multilib --with-tune=generic --enable-offload-targets=nvptx-none=/build/gcc-11-2Y5pKs/gcc-11-11.4.0/debian/tmp-nvptx/usr amdgcn-amdhsa=/build/gcc-11-2Y5pKs/gcc-11-11.4.0/debian/tmp-gcn/usr --without-cuda-driver --enable-checking=release --build=x86_64-linux-gnu --host=x86_64-linux-gnu --target=x86_64-linux-gnu --with-build-config=bootstrap-lto-lean --enable-link-serialization=2]
  ignore line: [Thread model: posix]
  ignore line: [Supported LTO compression algorithms: zlib zstd]
  ignore line: [gcc version 11.4.0 (Ubuntu 11.4.0-1ubuntu1~22.04.2) ]
  ignore line: [COMPILER_PATH=/usr/lib/gcc/x86_64-linux-gnu/11/:/usr/lib/gcc/x86_64-linux-gnu/11/:/usr/lib/gcc/x86_64-linux-gnu/:/usr/lib/gcc/x86_64-linux-gnu/11/:/usr/lib/gcc/x86_64-linux-gnu/]
  ignore line: [LIBRARY_PATH=/usr/lib/gcc/x86_64-linux-gnu/11/:/usr/lib/gcc/x86_64-linux-gnu/11/../../../x86_64-linux-gnu/:/usr/lib/gcc/x86_64-linux-gnu/11/../../../../lib/:/lib/x86_64-linux-gnu/:/lib/../lib/:/usr/lib/x86_64-linux-gnu/:/usr/lib/../lib/:/usr/lib/gcc/x86_64-linux-gnu/11/../../../:/lib/:/usr/lib/]
  ignore line: [COLLECT_GCC_OPTIONS='-fPIC' '-v' '-rdynamic' '-o' 'cmTC_5dd96' '-mtune=generic' '-march=x86-64' '-dumpdir' 'cmTC_5dd96.']
  link line: [ /usr/lib/gcc/x86_64-linux-gnu/11/collect2 -plugin /usr/lib/gcc/x86_64-linux-gnu/11/liblto_plugin.so -plugin-opt=/usr/lib/gcc/x86_64-linux-gnu/11/lto-wrapper -plugin-opt=-fresolution=/tmp/ccvCaFJj.res -plugin-opt=-pass-through=-lgcc -plugin-opt=-pass-through=-lgcc_s -plugin-opt=-pass-through=-lc -plugin-opt=-pass-through=-lgcc -plugin-opt=-pass-through=-lgcc_s --build-id --eh-frame-hdr -m elf_x86_64 --hash-style=gnu --as-needed -export-dynamic -dynamic-linker /lib64/ld-linux-x86-64.so.2 -pie -z now -z relro -o cmTC_5dd96 /usr/lib/gcc/x86_64-linux-gnu/11/../../../x86_64-linux-gnu/Scrt1.o /usr/lib/gcc/x86_64-linux-gnu/11/../../../x86_64-linux-gnu/crti.o /usr/lib/gcc/x86_64-linux-gnu/11/crtbeginS.o -L/usr/lib/gcc/x86_64-linux-gnu/11 -L/usr/lib/gcc/x86_64-linux-gnu/11/../../../x86_64-linux-gnu -L/usr/lib/gcc/x86_64-linux-gnu/11/../../../../lib -L/lib/x86_64-linux-gnu -L/lib/../lib -L/usr/lib/x86_64-linux-gnu -L/usr/lib/../lib -L/usr/lib/gcc/x86_64-linux-gnu/11/../../.. CMakeFiles/cmTC_5dd96.dir/CMakeCCompilerABI.c.o -lgcc --push-state --as-needed -lgcc_s --pop-state -lc -lgcc --push-state --as-needed -lgcc_s --pop-state /usr/lib/gcc/x86_64-linux-gnu/11/crtendS.o /usr/lib/gcc/x86_64-linux-gnu/11/../../../x86_64-linux-gnu/crtn.o]
    arg [/usr/lib/gcc/x86_64-linux-gnu/11/collect2] ==> ignore
    arg [-plugin] ==> ignore
    arg [/usr/lib/gcc/x86_64-linux-gnu/11/liblto_plugin.so] ==> ignore
    arg [-plugin-opt=/usr/lib/gcc/x86_64-linux-gnu/11/lto-wrapper] ==> ignore
    arg [-plugin-opt=-fresolution=/tmp/ccvCaFJj.res] ==> ignore
    arg [-plugin-opt=-pass-through=-lgcc] ==> ignore
    arg [-plugin-opt=-pass-through=-lgcc_s] ==> ignore
    arg [-plugin-opt=-pass-through=-lc] ==> ignore
    arg [-plugin-opt=-pass-through=-lgcc] ==> ignore
    arg [-plugin-opt=-pass-through=-lgcc_s] ==> ignore
    arg [--build-id] ==> ignore
    arg [--eh-frame-hdr] ==> ignore
    arg [-m] ==> ignore
    arg [elf_x86_64] ==> ignore
    arg [--hash-style=gnu] ==> ignore
    arg [--as-needed] ==> ignore
    arg [-export-dynamic] ==> ignore
    arg [-dynamic-linker] ==> ignore
    arg [/lib64/ld-linux-x86-64.so.2] ==> ignore
    arg [-pie] ==> ignore
    arg [-znow] ==> ignore
    arg [-zrelro] ==> ignore
    arg [-o] ==> ignore
    arg [cmTC_5dd96] ==> ignore
    arg [/usr/lib/gcc/x86_64-linux-gnu/11/../../../x86_64-linux-gnu/Scrt1.o] ==> obj [/usr/lib/gcc/x86_64-linux-gnu/11/../../../x86_64-linux-gnu/Scrt1.o]
    arg [/usr/lib/gcc/x86_64-linux-gnu/11/../../../x86_64-linux-gnu/crti.o] ==> obj [/usr/lib/gcc/x86_64-linux-gnu/11/../../../x86_64-linux-gnu/crti.o]
    arg [/usr/lib/gcc/x86_64-linux-gnu/11/crtbeginS.o] ==> obj [/usr/lib/gcc/x86_64-linux-gnu/11/crtbeginS.o]
    arg [-L/usr/lib/gcc/x86_64-linux-gnu/11] ==> dir [/usr/lib/gcc/x86_64-linux-gnu/11]
    arg [-L/usr/lib/gcc/x86_64-linux-gnu/11/../../../x86_64-linux-gnu] ==> dir [/usr/lib/gcc/x86_64-linux-gnu/11/../../../x86_64-linux-gnu]
    arg [-L/usr/lib/gcc/x86_64-linux-gnu/11/../../../../lib] ==> dir [/usr/lib/gcc/x86_64-linux-gnu/11/../../../../lib]
    arg [-L/lib/x86_64-linux-gnu] ==> dir [/lib/x86_64-linux-gnu]
    arg [-L/lib/../lib] ==> dir [/lib/../lib]
    arg [-L/usr/lib/x86_64-linux-gnu] ==> dir [/usr/lib/x86_64-linux-gnu]
    arg [-L/usr/lib/../lib] ==> dir [/usr/lib/../lib]
    arg [-L/usr/lib/gcc/x86_64-linux-gnu/11/../../..] ==> dir [/usr/lib/gcc/x86_64-linux-gnu/11/../../..]
    arg [CMakeFiles/cmTC_5dd96.dir/CMakeCCompilerABI.c.o] ==> ignore
    arg [-lgcc] ==> lib [gcc]
    arg [--push-state] ==> ignore
    arg [--as-needed] ==> ignore
    arg [-lgcc_s] ==> lib [gcc_s]
    arg [--pop-state] ==> ignore
    arg [-lc] ==> lib [c]
    arg [-lgcc] ==> lib [gcc]
    arg [--push-state] ==> ignore
    arg [--as-needed] ==> ignore
    arg [-lgcc_s] ==> lib [gcc_s]
    arg [--pop-state] ==> ignore
    arg [/usr/lib/gcc/x86_64-linux-gnu/11/crtendS.o] ==> obj [/usr/lib/gcc/x86_64-linux-gnu/11/crtendS.o]
    arg [/usr/lib/gcc/x86_64-linux-gnu/11/../../../x86_64-linux-gnu/crtn.o] ==> obj [/usr/lib/gcc/x86_64-linux-gnu/11/../../../x86_64-linux-gnu/crtn.o]
  collapse obj [/usr/lib/gcc/x86_64-linux-gnu/11/../../../x86_64-linux-gnu/Scrt1.o] ==> [/usr/lib/x86_64-linux-gnu/Scrt1.o]
  collapse obj [/usr/lib/gcc/x86_64-linux-gnu/11/../../../x86_64-linux-gnu/crti.o] ==> [/usr/lib/x86_64-linux-gnu/crti.o]
  collapse obj [/usr/lib/gcc/x86_64-linux-gnu/11/../../../x86_64-linux-gnu/crtn.o] ==> [/usr/lib/x86_64-linux-gnu/crtn.o]
  collapse library dir [/usr/lib/gcc/x86_64-linux-gnu/11] ==> [/usr/lib/gcc/x86_64-linux-gnu/11]
  collapse library dir [/usr/lib/gcc/x86_64-linux-gnu/11/../../../x86_64-linux-gnu] ==> [/usr/lib/x86_64-linux-gnu]
  collapse library dir [/usr/lib/gcc/x86_64-linux-gnu/11/../../../../lib] ==> [/usr/lib]
  collapse library dir [/lib/x86_64-linux-gnu] ==> [/lib/x86_64-linux-gnu]
  collapse library dir [/lib/../lib] ==> [/lib]
  collapse library dir [/usr/lib/x86_64-linux-gnu] ==> [/usr/lib/x86_64-linux-gnu]
  collapse library dir [/usr/lib/../lib] ==> [/usr/lib]
  collapse library dir [/usr/lib/gcc/x86_64-linux-gnu/11/../../..] ==> [/usr/lib]
  implicit libs: [gcc;gcc_s;c;gcc;gcc_s]
  implicit objs: [/usr/lib/x86_64-linux-gnu/Scrt1.o;/usr/lib/x86_64-linux-gnu/crti.o;/usr/lib/gcc/x86_64-linux-gnu/11/crtbeginS.o;/usr/lib/gcc/x86_64-linux-gnu/11/crtendS.o;/usr/lib/x86_64-linux-gnu/crtn.o]
  implicit dirs: [/usr/lib/gcc/x86_64-linux-gnu/11;/usr/lib/x86_64-linux-gnu;/usr/lib;/lib/x86_64-linux-gnu;/lib]
  implicit fwks: []


Performing C SOURCE FILE Test FLAG_SUPPORTED_stdc89 succeeded with the following output:
Change Dir: /home/fyousfi/Pictures/Ultima-Robotics-Stack/ur-rpc-mastered-main/ur-rpc-mastered/pkg_src/deps/cjson/CMakeFiles/CMakeTmp

Run Build Command(s):/usr/bin/gmake -f Makefile cmTC_6a505/fast && gmake[4]: Entering directory '/home/fyousfi/Pictures/Ultima-Robotics-Stack/ur-rpc-mastered-main/ur-rpc-mastered/pkg_src/deps/cjson/CMakeFiles/CMakeTmp'
/usr/bin/gmake  -f CMakeFiles/cmTC_6a505.dir/build.make CMakeFiles/cmTC_6a505.dir/build
gmake[5]: Entering directory '/home/fyousfi/Pictures/Ultima-Robotics-Stack/ur-rpc-mastered-main/ur-rpc-mastered/pkg_src/deps/cjson/CMakeFiles/CMakeTmp'
Building C object CMakeFiles/cmTC_6a505.dir/src.c.o
/usr/bin/cc -DFLAG_SUPPORTED_stdc89  -fPIC    -std=c89 -o CMakeFiles/cmTC_6a505.dir/src.c.o -c /home/fyousfi/Pictures/Ultima-Robotics-Stack/ur-rpc-mastered-main/ur-rpc-mastered/pkg_src/deps/cjson/CMakeFiles/CMakeTmp/src.c
Linking C executable cmTC_6a505
/usr/bin/cmake -E cmake_link_script CMakeFiles/cmTC_6a505.dir/link.txt --verbose=1
/usr/bin/cc -fPIC  -rdynamic CMakeFiles/cmTC_6a505.dir/src.c.o -o cmTC_6a505 
gmake[5]: Leaving directory '/home/fyousfi/Pictures/Ultima-Robotics-Stack/ur-rpc-mastered-main/ur-rpc-mastered/pkg_src/deps/cjson/CMakeFiles/CMakeTmp'
gmake[4]: Leaving directory '/home/fyousfi/Pictures/Ultima-Robotics-Stack/ur-rpc-mastered-main/ur-rpc-mastered/pkg_src/deps/cjson/CMakeFiles/CMakeTmp'


Source file was:
int main(void) { return 0; }
Performing C SOURCE FILE Test FLAG_SUPPORTED_pedantic succeeded with the following output:
Change Dir: /home/fyousfi/Pictures/Ultima-Robotics-Stack/ur-rpc-mastered-main/ur-rpc-mastered/pkg_src/deps/cjson/CMakeFiles/CMakeTmp

Run Build Command(s):/usr/bin/gmake -f Makefile cmTC_9ee50/fast && gmake[4]: Entering directory '/home/fyousfi/Pictures/Ultima-Robotics-Stack/ur-rpc-mastered-main/ur-rpc-mastered/pkg_src/deps/cjson/CMakeFiles/CMakeTmp'
/usr/bin/gmake  -f CMakeFiles/cmTC_9ee50.dir/build.make CMakeFiles/cmTC_9ee50.dir/build
gmake[5]: Entering directory '/home/fyousfi/Pictures/Ultima-Robotics-Stack/ur-rpc-mastered-main/ur-rpc-mastered/pkg_src/deps/cjson/CMakeFiles/CMakeTmp'
Building C object CMakeFiles/cmTC_9ee50.dir/src.c.o
/usr/bin/cc -DFLAG_SUPPORTED_pedantic  -fPIC -std=c89    -pedantic -o CMakeFiles/cmTC_9ee50.dir/src.c.o -c /home/fyousfi/Pictures/Ultima-Robotics-Stack/ur-rpc-mastered-main/ur-rpc-mastered/pkg_src/deps/cjson/CMakeFiles/CMakeTmp/src.c
Linking C executable cmTC_9ee50
/usr/bin/cmake -E cmake_link_script CMakeFiles/cmTC_9ee50.dir/link.txt --verbose=1
/usr/bin/cc -fPIC -std=c89  -rdynamic CMakeFiles/cmTC_9ee50.dir/src.c.o -o cmTC_9ee50 
gmake[5]: Leaving directory '/home/fyousfi/Pictures/Ultima-Robotics-Stack/ur-rpc-mastered-main/ur-rpc-mastered/pkg_src/deps/cjson/CMakeFiles/CMakeTmp'
gmake[4]: Leaving directory '/home/fyousfi/Pictures/Ultima-Robotics-Stack/ur-rpc-mastered-main/ur-rpc-mastered/pkg_src/deps/cjson/CMakeFiles/CMakeTmp'


Source file was:
int main(void) { return 0; }
Performing C SOURCE FILE Test FLAG_SUPPORTED_Wall succeeded with the following output:
Change Dir: /home/fyousfi/Pictures/Ultima-Robotics-Stack/ur-rpc-mastered-main/ur-rpc-mastered/pkg_src/deps/cjson/CMakeFiles/CMakeTmp

Run Build Command(s):/usr/bin/gmake -f Makefile cmTC_3036e/fast && gmake[4]: Entering directory '/home/fyousfi/Pictures/Ultima-Robotics-Stack/ur-rpc-mastered-main/ur-rpc-mastered/pkg_src/deps/cjson/CMakeFiles/CMakeTmp'
/usr/bin/gmake  -f CMakeFiles/cmTC_3036e.dir/build.make CMakeFiles/cmTC_3036e.dir/build
gmake[5]: Entering directory '/home/fyousfi/Pictures/Ultima-Robotics-Stack/ur-rpc-mastered-main/ur-rpc-mastered/pkg_src/deps/cjson/CMakeFiles/CMakeTmp'
Building C object CMakeFiles/cmTC_3036e.dir/src.c.o
/usr/bin/cc -DFLAG_SUPPORTED_Wall  -fPIC -std=c89 -pedantic    -Wall -o CMakeFiles/cmTC_3036e.dir/src.c.o -c /home/fyousfi/Pictures/Ultima-Robotics-Stack/ur-rpc-mastered-main/ur-rpc-mastered/pkg_src/deps/cjson/CMakeFiles/CMakeTmp/src.c
Linking C executable cmTC_3036e
/usr/bin/cmake -E cmake_link_script CMakeFiles/cmTC_3036e.dir/link.txt --verbose=1
/usr/bin/cc -fPIC -std=c89 -pedantic  -rdynamic CMakeFiles/cmTC_3036e.dir/src.c.o -o cmTC_3036e 
gmake[5]: Leaving directory '/home/fyousfi/Pictures/Ultima-Robotics-Stack/ur-rpc-mastered-main/ur-rpc-mastered/pkg_src/deps/cjson/CMakeFiles/CMakeTmp'
gmake[4]: Leaving directory '/home/fyousfi/Pictures/Ultima-Robotics-Stack/ur-rpc-mastered-main/ur-rpc-mastered/pkg_src/deps/cjson/CMakeFiles/CMakeTmp'


Source file was:
int main(void) { return 0; }
Performing C SOURCE FILE Test FLAG_SUPPORTED_Wextra succeeded with the following output:
Change Dir: /home/fyousfi/Pictures/Ultima-Robotics-Stack/ur-rpc-mastered-main/ur-rpc-mastered/pkg_src/deps/cjson/CMakeFiles/CMakeTmp

Run Build Command(s):/usr/bin/gmake -f Makefile cmTC_d71c2/fast && gmake[4]: Entering directory '/home/fyousfi/Pictures/Ultima-Robotics-Stack/ur-rpc-mastered-main/ur-rpc-mastered/pkg_src/deps/cjson/CMakeFiles/CMakeTmp'
/usr/bin/gmake  -f CMakeFiles/cmTC_d71c2.dir/build.make CMakeFiles/cmTC_d71c2.dir/build
gmake[5]: Entering directory '/home/fyousfi/Pictures/Ultima-Robotics-Stack/ur-rpc-mastered-main/ur-rpc-mastered/pkg_src/deps/cjson/CMakeFiles/CMakeTmp'
Building C object CMakeFiles/cmTC_d71c2.dir/src.c.o
/usr/bin/cc -DFLAG_SUPPORTED_Wextra  -fPIC -std=c89 -pedantic -Wall    -Wextra -o CMakeFiles/cmTC_d71c2.dir/src.c.o -c /home/fyousfi/Pictures/Ultima-Robotics-Stack/ur-rpc-mastered-main/ur-rpc-mastered/pkg_src/deps/cjson/CMakeFiles/CMakeTmp/src.c
Linking C executable cmTC_d71c2
/usr/bin/cmake -E cmake_link_script CMakeFiles/cmTC_d71c2.dir/link.txt --verbose=1
/usr/bin/cc -fPIC -std=c89 -pedantic -Wall  -rdynamic CMakeFiles/cmTC_d71c2.dir/src.c.o -o cmTC_d71c2 
gmake[5]: Leaving directory '/home/fyousfi/Pictures/Ultima-Robotics-Stack/ur-rpc-mastered-main/ur-rpc-mastered/pkg_src/deps/cjson/CMakeFiles/CMakeTmp'
gmake[4]: Leaving directory '/home/fyousfi/Pictures/Ultima-Robotics-Stack/ur-rpc-mastered-main/ur-rpc-mastered/pkg_src/deps/cjson/CMakeFiles/CMakeTmp'


Source file was:
int main(void) { return 0; }
Performing C SOURCE FILE Test FLAG_SUPPORTED_Werror succeeded with the following output:
Change Dir: /home/fyousfi/Pictures/Ultima-Robotics-Stack/ur-rpc-mastered-main/ur-rpc-mastered/pkg_src/deps/cjson/CMakeFiles/CMakeTmp

Run Build Command(s):/usr/bin/gmake -f Makefile cmTC_e6a27/fast && gmake[4]: Entering directory '/home/fyousfi/Pictures/Ultima-Robotics-Stack/ur-rpc-mastered-main/ur-rpc-mastered/pkg_src/deps/cjson/CMakeFiles/CMakeTmp'
/usr/bin/gmake  -f CMakeFiles/cmTC_e6a27.dir/build.make CMakeFiles/cmTC_e6a27.dir/build
gmake[5]: Entering directory '/home/fyousfi/Pictures/Ultima-Robotics-Stack/ur-rpc-mastered-main/ur-rpc-mastered/pkg_src/deps/cjson/CMakeFiles/CMakeTmp'
Building C object CMakeFiles/cmTC_e6a27.dir/src.c.o
/usr/bin/cc -DFLAG_SUPPORTED_Werror  -fPIC -std=c89 -pedantic -Wall -Wextra    -Werror -o CMakeFiles/cmTC_e6a27.dir/src.c.o -c /home/fyousfi/Pictures/Ultima-Robotics-Stack/ur-rpc-mastered-main/ur-rpc-mastered/pkg_src/deps/cjson/CMakeFiles/CMakeTmp/src.c
Linking C executable cmTC_e6a27
/usr/bin/cmake -E cmake_link_script CMakeFiles/cmTC_e6a27.dir/link.txt --verbose=1
/usr/bin/cc -fPIC -std=c89 -pedantic -Wall -Wextra  -rdynamic CMakeFiles/cmTC_e6a27.dir/src.c.o -o cmTC_e6a27 
gmake[5]: Leaving directory '/home/fyousfi/Pictures/Ultima-Robotics-Stack/ur-rpc-mastered-main/ur-rpc-mastered/pkg_src/deps/cjson/CMakeFiles/CMakeTmp'
gmake[4]: Leaving directory '/home/fyousfi/Pictures/Ultima-Robotics-Stack/ur-rpc-mastered-main/ur-rpc-mastered/pkg_src/deps/cjson/CMakeFiles/CMakeTmp'


Source file was:
int main(void) { return 0; }
Performing C SOURCE FILE Test FLAG_SUPPORTED_Wstrictprototypes succeeded with the following output:
Change Dir: /home/fyousfi/Pictures/Ultima-Robotics-Stack/ur-rpc-mastered-main/ur-rpc-mastered/pkg_src/deps/cjson/CMakeFiles/CMakeTmp

Run Build Command(s):/usr/bin/gmake -f Makefile cmTC_7b7ae/fast && gmake[4]: Entering directory '/home/fyousfi/Pictures/Ultima-Robotics-Stack/ur-rpc-mastered-main/ur-rpc-mastered/pkg_src/deps/cjson/CMakeFiles/CMakeTmp'
/usr/bin/gmake  -f CMakeFiles/cmTC_7b7ae.dir/build.make CMakeFiles/cmTC_7b7ae.dir/build
gmake[5]: Entering directory '/home/fyousfi/Pictures/Ultima-Robotics-Stack/ur-rpc-mastered-main/ur-rpc-mastered/pkg_src/deps/cjson/CMakeFiles/CMakeTmp'
Building C object CMakeFiles/cmTC_7b7ae.dir/src.c.o
/usr/bin/cc -DFLAG_SUPPORTED_Wstrictprototypes  -fPIC -std=c89 -pedantic -Wall -Wextra -Werror    -Wstrict-prototypes -o CMakeFiles/cmTC_7b7ae.dir/src.c.o -c /home/fyousfi/Pictures/Ultima-Robotics-Stack/ur-rpc-mastered-main/ur-rpc-mastered/pkg_src/deps/cjson/CMakeFiles/CMakeTmp/src.c
Linking C executable cmTC_7b7ae
/usr/bin/cmake -E cmake_link_script CMakeFiles/cmTC_7b7ae.dir/link.txt --verbose=1
/usr/bin/cc -fPIC -std=c89 -pedantic -Wall -Wextra -Werror  -rdynamic CMakeFiles/cmTC_7b7ae.dir/src.c.o -o cmTC_7b7ae 
gmake[5]: Leaving directory '/home/fyousfi/Pictures/Ultima-Robotics-Stack/ur-rpc-mastered-main/ur-rpc-mastered/pkg_src/deps/cjson/CMakeFiles/CMakeTmp'
gmake[4]: Leaving directory '/home/fyousfi/Pictures/Ultima-Robotics-Stack/ur-rpc-mastered-main/ur-rpc-mastered/pkg_src/deps/cjson/CMakeFiles/CMakeTmp'


Source file was:
int main(void) { return 0; }
Performing C SOURCE FILE Test FLAG_SUPPORTED_Wwritestrings succeeded with the following output:
Change Dir: /home/fyousfi/Pictures/Ultima-Robotics-Stack/ur-rpc-mastered-main/ur-rpc-mastered/pkg_src/deps/cjson/CMakeFiles/CMakeTmp

Run Build Command(s):/usr/bin/gmake -f Makefile cmTC_cba74/fast && gmake[4]: Entering directory '/home/fyousfi/Pictures/Ultima-Robotics-Stack/ur-rpc-mastered-main/ur-rpc-mastered/pkg_src/deps/cjson/CMakeFiles/CMakeTmp'
/usr/bin/gmake  -f CMakeFiles/cmTC_cba74.dir/build.make CMakeFiles/cmTC_cba74.dir/build
gmake[5]: Entering directory '/home/fyousfi/Pictures/Ultima-Robotics-Stack/ur-rpc-mastered-main/ur-rpc-mastered/pkg_src/deps/cjson/CMakeFiles/CMakeTmp'
Building C object CMakeFiles/cmTC_cba74.dir/src.c.o
/usr/bin/cc -DFLAG_SUPPORTED_Wwritestrings  -fPIC -std=c89 -pedantic -Wall -Wextra -Werror -Wstrict-prototypes    -Wwrite-strings -o CMakeFiles/cmTC_cba74.dir/src.c.o -c /home/fyousfi/Pictures/Ultima-Robotics-Stack/ur-rpc-mastered-main/ur-rpc-mastered/pkg_src/deps/cjson/CMakeFiles/CMakeTmp/src.c
Linking C executable cmTC_cba74
/usr/bin/cmake -E cmake_link_script CMakeFiles/cmTC_cba74.dir/link.txt --verbose=1
/usr/bin/cc -fPIC -std=c89 -pedantic -Wall -Wextra -Werror -Wstrict-prototypes  -rdynamic CMakeFiles/cmTC_cba74.dir/src.c.o -o cmTC_cba74 
gmake[5]: Leaving directory '/home/fyousfi/Pictures/Ultima-Robotics-Stack/ur-rpc-mastered-main/ur-rpc-mastered/pkg_src/deps/cjson/CMakeFiles/CMakeTmp'
gmake[4]: Leaving directory '/home/fyousfi/Pictures/Ultima-Robotics-Stack/ur-rpc-mastered-main/ur-rpc-mastered/pkg_src/deps/cjson/CMakeFiles/CMakeTmp'


Source file was:
int main(void) { return 0; }
Performing C SOURCE FILE Test FLAG_SUPPORTED_Wshadow succeeded with the following output:
Change Dir: /home/fyousfi/Pictures/Ultima-Robotics-Stack/ur-rpc-mastered-main/ur-rpc-mastered/pkg_src/deps/cjson/CMakeFiles/CMakeTmp

Run Build Command(s):/usr/bin/gmake -f Makefile cmTC_0d548/fast && gmake[4]: Entering directory '/home/fyousfi/Pictures/Ultima-Robotics-Stack/ur-rpc-mastered-main/ur-rpc-mastered/pkg_src/deps/cjson/CMakeFiles/CMakeTmp'
/usr/bin/gmake  -f CMakeFiles/cmTC_0d548.dir/build.make CMakeFiles/cmTC_0d548.dir/build
gmake[5]: Entering directory '/home/fyousfi/Pictures/Ultima-Robotics-Stack/ur-rpc-mastered-main/ur-rpc-mastered/pkg_src/deps/cjson/CMakeFiles/CMakeTmp'
Building C object CMakeFiles/cmTC_0d548.dir/src.c.o
/usr/bin/cc -DFLAG_SUPPORTED_Wshadow  -fPIC -std=c89 -pedantic -Wall -Wextra -Werror -Wstrict-prototypes -Wwrite-strings    -Wshadow -o CMakeFiles/cmTC_0d548.dir/src.c.o -c /home/fyousfi/Pictures/Ultima-Robotics-Stack/ur-rpc-mastered-main/ur-rpc-mastered/pkg_src/deps/cjson/CMakeFiles/CMakeTmp/src.c
Linking C executable cmTC_0d548
/usr/bin/cmake -E cmake_link_script CMakeFiles/cmTC_0d548.dir/link.txt --verbose=1
/usr/bin/cc -fPIC -std=c89 -pedantic -Wall -Wextra -Werror -Wstrict-prototypes -Wwrite-strings  -rdynamic CMakeFiles/cmTC_0d548.dir/src.c.o -o cmTC_0d548 
gmake[5]: Leaving directory '/home/fyousfi/Pictures/Ultima-Robotics-Stack/ur-rpc-mastered-main/ur-rpc-mastered/pkg_src/deps/cjson/CMakeFiles/CMakeTmp'
gmake[4]: Leaving directory '/home/fyousfi/Pictures/Ultima-Robotics-Stack/ur-rpc-mastered-main/ur-rpc-mastered/pkg_src/deps/cjson/CMakeFiles/CMakeTmp'


Source file was:
int main(void) { return 0; }
Performing C SOURCE FILE Test FLAG_SUPPORTED_Winitself succeeded with the following output:
Change Dir: /home/fyousfi/Pictures/Ultima-Robotics-Stack/ur-rpc-mastered-main/ur-rpc-mastered/pkg_src/deps/cjson/CMakeFiles/CMakeTmp

Run Build Command(s):/usr/bin/gmake -f Makefile cmTC_dec5a/fast && gmake[4]: Entering directory '/home/fyousfi/Pictures/Ultima-Robotics-Stack/ur-rpc-mastered-main/ur-rpc-mastered/pkg_src/deps/cjson/CMakeFiles/CMakeTmp'
/usr/bin/gmake  -f CMakeFiles/cmTC_dec5a.dir/build.make CMakeFiles/cmTC_dec5a.dir/build
gmake[5]: Entering directory '/home/fyousfi/Pictures/Ultima-Robotics-Stack/ur-rpc-mastered-main/ur-rpc-mastered/pkg_src/deps/cjson/CMakeFiles/CMakeTmp'
Building C object CMakeFiles/cmTC_dec5a.dir/src.c.o
/usr/bin/cc -DFLAG_SUPPORTED_Winitself  -fPIC -std=c89 -pedantic -Wall -Wextra -Werror -Wstrict-prototypes -Wwrite-strings -Wshadow    -Winit-self -o CMakeFiles/cmTC_dec5a.dir/src.c.o -c /home/fyousfi/Pictures/Ultima-Robotics-Stack/ur-rpc-mastered-main/ur-rpc-mastered/pkg_src/deps/cjson/CMakeFiles/CMakeTmp/src.c
Linking C executable cmTC_dec5a
/usr/bin/cmake -E cmake_link_script CMakeFiles/cmTC_dec5a.dir/link.txt --verbose=1
/usr/bin/cc -fPIC -std=c89 -pedantic -Wall -Wextra -Werror -Wstrict-prototypes -Wwrite-strings -Wshadow  -rdynamic CMakeFiles/cmTC_dec5a.dir/src.c.o -o cmTC_dec5a 
gmake[5]: Leaving directory '/home/fyousfi/Pictures/Ultima-Robotics-Stack/ur-rpc-mastered-main/ur-rpc-mastered/pkg_src/deps/cjson/CMakeFiles/CMakeTmp'
gmake[4]: Leaving directory '/home/fyousfi/Pictures/Ultima-Robotics-Stack/ur-rpc-mastered-main/ur-rpc-mastered/pkg_src/deps/cjson/CMakeFiles/CMakeTmp'


Source file was:
int main(void) { return 0; }
Performing C SOURCE FILE Test FLAG_SUPPORTED_Wcastalign succeeded with the following output:
Change Dir: /home/fyousfi/Pictures/Ultima-Robotics-Stack/ur-rpc-mastered-main/ur-rpc-mastered/pkg_src/deps/cjson/CMakeFiles/CMakeTmp

Run Build Command(s):/usr/bin/gmake -f Makefile cmTC_8982d/fast && gmake[4]: Entering directory '/home/fyousfi/Pictures/Ultima-Robotics-Stack/ur-rpc-mastered-main/ur-rpc-mastered/pkg_src/deps/cjson/CMakeFiles/CMakeTmp'
/usr/bin/gmake  -f CMakeFiles/cmTC_8982d.dir/build.make CMakeFiles/cmTC_8982d.dir/build
gmake[5]: Entering directory '/home/fyousfi/Pictures/Ultima-Robotics-Stack/ur-rpc-mastered-main/ur-rpc-mastered/pkg_src/deps/cjson/CMakeFiles/CMakeTmp'
Building C object CMakeFiles/cmTC_8982d.dir/src.c.o
/usr/bin/cc -DFLAG_SUPPORTED_Wcastalign  -fPIC -std=c89 -pedantic -Wall -Wextra -Werror -Wstrict-prototypes -Wwrite-strings -Wshadow -Winit-self    -Wcast-align -o CMakeFiles/cmTC_8982d.dir/src.c.o -c /home/fyousfi/Pictures/Ultima-Robotics-Stack/ur-rpc-mastered-main/ur-rpc-mastered/pkg_src/deps/cjson/CMakeFiles/CMakeTmp/src.c
Linking C executable cmTC_8982d
/usr/bin/cmake -E cmake_link_script CMakeFiles/cmTC_8982d.dir/link.txt --verbose=1
/usr/bin/cc -fPIC -std=c89 -pedantic -Wall -Wextra -Werror -Wstrict-prototypes -Wwrite-strings -Wshadow -Winit-self  -rdynamic CMakeFiles/cmTC_8982d.dir/src.c.o -o cmTC_8982d 
gmake[5]: Leaving directory '/home/fyousfi/Pictures/Ultima-Robotics-Stack/ur-rpc-mastered-main/ur-rpc-mastered/pkg_src/deps/cjson/CMakeFiles/CMakeTmp'
gmake[4]: Leaving directory '/home/fyousfi/Pictures/Ultima-Robotics-Stack/ur-rpc-mastered-main/ur-rpc-mastered/pkg_src/deps/cjson/CMakeFiles/CMakeTmp'


Source file was:
int main(void) { return 0; }
Performing C SOURCE FILE Test FLAG_SUPPORTED_Wformat2 succeeded with the following output:
Change Dir: /home/fyousfi/Pictures/Ultima-Robotics-Stack/ur-rpc-mastered-main/ur-rpc-mastered/pkg_src/deps/cjson/CMakeFiles/CMakeTmp

Run Build Command(s):/usr/bin/gmake -f Makefile cmTC_0a9bc/fast && gmake[4]: Entering directory '/home/fyousfi/Pictures/Ultima-Robotics-Stack/ur-rpc-mastered-main/ur-rpc-mastered/pkg_src/deps/cjson/CMakeFiles/CMakeTmp'
/usr/bin/gmake  -f CMakeFiles/cmTC_0a9bc.dir/build.make CMakeFiles/cmTC_0a9bc.dir/build
gmake[5]: Entering directory '/home/fyousfi/Pictures/Ultima-Robotics-Stack/ur-rpc-mastered-main/ur-rpc-mastered/pkg_src/deps/cjson/CMakeFiles/CMakeTmp'
Building C object CMakeFiles/cmTC_0a9bc.dir/src.c.o
/usr/bin/cc -DFLAG_SUPPORTED_Wformat2  -fPIC -std=c89 -pedantic -Wall -Wextra -Werror -Wstrict-prototypes -Wwrite-strings -Wshadow -Winit-self -Wcast-align    -Wformat=2 -o CMakeFiles/cmTC_0a9bc.dir/src.c.o -c /home/fyousfi/Pictures/Ultima-Robotics-Stack/ur-rpc-mastered-main/ur-rpc-mastered/pkg_src/deps/cjson/CMakeFiles/CMakeTmp/src.c
Linking C executable cmTC_0a9bc
/usr/bin/cmake -E cmake_link_script CMakeFiles/cmTC_0a9bc.dir/link.txt --verbose=1
/usr/bin/cc -fPIC -std=c89 -pedantic -Wall -Wextra -Werror -Wstrict-prototypes -Wwrite-strings -Wshadow -Winit-self -Wcast-align  -rdynamic CMakeFiles/cmTC_0a9bc.dir/src.c.o -o cmTC_0a9bc 
gmake[5]: Leaving directory '/home/fyousfi/Pictures/Ultima-Robotics-Stack/ur-rpc-mastered-main/ur-rpc-mastered/pkg_src/deps/cjson/CMakeFiles/CMakeTmp'
gmake[4]: Leaving directory '/home/fyousfi/Pictures/Ultima-Robotics-Stack/ur-rpc-mastered-main/ur-rpc-mastered/pkg_src/deps/cjson/CMakeFiles/CMakeTmp'


Source file was:
int main(void) { return 0; }
Performing C SOURCE FILE Test FLAG_SUPPORTED_Wmissingprototypes succeeded with the following output:
Change Dir: /home/fyousfi/Pictures/Ultima-Robotics-Stack/ur-rpc-mastered-main/ur-rpc-mastered/pkg_src/deps/cjson/CMakeFiles/CMakeTmp

Run Build Command(s):/usr/bin/gmake -f Makefile cmTC_32f83/fast && gmake[4]: Entering directory '/home/fyousfi/Pictures/Ultima-Robotics-Stack/ur-rpc-mastered-main/ur-rpc-mastered/pkg_src/deps/cjson/CMakeFiles/CMakeTmp'
/usr/bin/gmake  -f CMakeFiles/cmTC_32f83.dir/build.make CMakeFiles/cmTC_32f83.dir/build
gmake[5]: Entering directory '/home/fyousfi/Pictures/Ultima-Robotics-Stack/ur-rpc-mastered-main/ur-rpc-mastered/pkg_src/deps/cjson/CMakeFiles/CMakeTmp'
Building C object CMakeFiles/cmTC_32f83.dir/src.c.o
/usr/bin/cc -DFLAG_SUPPORTED_Wmissingprototypes  -fPIC -std=c89 -pedantic -Wall -Wextra -Werror -Wstrict-prototypes -Wwrite-strings -Wshadow -Winit-self -Wcast-align -Wformat=2    -Wmissing-prototypes -o CMakeFiles/cmTC_32f83.dir/src.c.o -c /home/fyousfi/Pictures/Ultima-Robotics-Stack/ur-rpc-mastered-main/ur-rpc-mastered/pkg_src/deps/cjson/CMakeFiles/CMakeTmp/src.c
Linking C executable cmTC_32f83
/usr/bin/cmake -E cmake_link_script CMakeFiles/cmTC_32f83.dir/link.txt --verbose=1
/usr/bin/cc -fPIC -std=c89 -pedantic -Wall -Wextra -Werror -Wstrict-prototypes -Wwrite-strings -Wshadow -Winit-self -Wcast-align -Wformat=2  -rdynamic CMakeFiles/cmTC_32f83.dir/src.c.o -o cmTC_32f83 
gmake[5]: Leaving directory '/home/fyousfi/Pictures/Ultima-Robotics-Stack/ur-rpc-mastered-main/ur-rpc-mastered/pkg_src/deps/cjson/CMakeFiles/CMakeTmp'
gmake[4]: Leaving directory '/home/fyousfi/Pictures/Ultima-Robotics-Stack/ur-rpc-mastered-main/ur-rpc-mastered/pkg_src/deps/cjson/CMakeFiles/CMakeTmp'


Source file was:
int main(void) { return 0; }
Performing C SOURCE FILE Test FLAG_SUPPORTED_Wstrictoverflow2 succeeded with the following output:
Change Dir: /home/fyousfi/Pictures/Ultima-Robotics-Stack/ur-rpc-mastered-main/ur-rpc-mastered/pkg_src/deps/cjson/CMakeFiles/CMakeTmp

Run Build Command(s):/usr/bin/gmake -f Makefile cmTC_78e5f/fast && gmake[4]: Entering directory '/home/fyousfi/Pictures/Ultima-Robotics-Stack/ur-rpc-mastered-main/ur-rpc-mastered/pkg_src/deps/cjson/CMakeFiles/CMakeTmp'
/usr/bin/gmake  -f CMakeFiles/cmTC_78e5f.dir/build.make CMakeFiles/cmTC_78e5f.dir/build
gmake[5]: Entering directory '/home/fyousfi/Pictures/Ultima-Robotics-Stack/ur-rpc-mastered-main/ur-rpc-mastered/pkg_src/deps/cjson/CMakeFiles/CMakeTmp'
Building C object CMakeFiles/cmTC_78e5f.dir/src.c.o
/usr/bin/cc -DFLAG_SUPPORTED_Wstrictoverflow2  -fPIC -std=c89 -pedantic -Wall -Wextra -Werror -Wstrict-prototypes -Wwrite-strings -Wshadow -Winit-self -Wcast-align -Wformat=2 -Wmissing-prototypes    -Wstrict-overflow=2 -o CMakeFiles/cmTC_78e5f.dir/src.c.o -c /home/fyousfi/Pictures/Ultima-Robotics-Stack/ur-rpc-mastered-main/ur-rpc-mastered/pkg_src/deps/cjson/CMakeFiles/CMakeTmp/src.c
Linking C executable cmTC_78e5f
/usr/bin/cmake -E cmake_link_script CMakeFiles/cmTC_78e5f.dir/link.txt --verbose=1
/usr/bin/cc -fPIC -std=c89 -pedantic -Wall -Wextra -Werror -Wstrict-prototypes -Wwrite-strings -Wshadow -Winit-self -Wcast-align -Wformat=2 -Wmissing-prototypes  -rdynamic CMakeFiles/cmTC_78e5f.dir/src.c.o -o cmTC_78e5f 
gmake[5]: Leaving directory '/home/fyousfi/Pictures/Ultima-Robotics-Stack/ur-rpc-mastered-main/ur-rpc-mastered/pkg_src/deps/cjson/CMakeFiles/CMakeTmp'
gmake[4]: Leaving directory '/home/fyousfi/Pictures/Ultima-Robotics-Stack/ur-rpc-mastered-main/ur-rpc-mastered/pkg_src/deps/cjson/CMakeFiles/CMakeTmp'


Source file was:
int main(void) { return 0; }
Performing C SOURCE FILE Test FLAG_SUPPORTED_Wcastqual succeeded with the following output:
Change Dir: /home/fyousfi/Pictures/Ultima-Robotics-Stack/ur-rpc-mastered-main/ur-rpc-mastered/pkg_src/deps/cjson/CMakeFiles/CMakeTmp

Run Build Command(s):/usr/bin/gmake -f Makefile cmTC_9c31c/fast && gmake[4]: Entering directory '/home/fyousfi/Pictures/Ultima-Robotics-Stack/ur-rpc-mastered-main/ur-rpc-mastered/pkg_src/deps/cjson/CMakeFiles/CMakeTmp'
/usr/bin/gmake  -f CMakeFiles/cmTC_9c31c.dir/build.make CMakeFiles/cmTC_9c31c.dir/build
gmake[5]: Entering directory '/home/fyousfi/Pictures/Ultima-Robotics-Stack/ur-rpc-mastered-main/ur-rpc-mastered/pkg_src/deps/cjson/CMakeFiles/CMakeTmp'
Building C object CMakeFiles/cmTC_9c31c.dir/src.c.o
/usr/bin/cc -DFLAG_SUPPORTED_Wcastqual  -fPIC -std=c89 -pedantic -Wall -Wextra -Werror -Wstrict-prototypes -Wwrite-strings -Wshadow -Winit-self -Wcast-align -Wformat=2 -Wmissing-prototypes -Wstrict-overflow=2    -Wcast-qual -o CMakeFiles/cmTC_9c31c.dir/src.c.o -c /home/fyousfi/Pictures/Ultima-Robotics-Stack/ur-rpc-mastered-main/ur-rpc-mastered/pkg_src/deps/cjson/CMakeFiles/CMakeTmp/src.c
Linking C executable cmTC_9c31c
/usr/bin/cmake -E cmake_link_script CMakeFiles/cmTC_9c31c.dir/link.txt --verbose=1
/usr/bin/cc -fPIC -std=c89 -pedantic -Wall -Wextra -Werror -Wstrict-prototypes -Wwrite-strings -Wshadow -Winit-self -Wcast-align -Wformat=2 -Wmissing-prototypes -Wstrict-overflow=2  -rdynamic CMakeFiles/cmTC_9c31c.dir/src.c.o -o cmTC_9c31c 
gmake[5]: Leaving directory '/home/fyousfi/Pictures/Ultima-Robotics-Stack/ur-rpc-mastered-main/ur-rpc-mastered/pkg_src/deps/cjson/CMakeFiles/CMakeTmp'
gmake[4]: Leaving directory '/home/fyousfi/Pictures/Ultima-Robotics-Stack/ur-rpc-mastered-main/ur-rpc-mastered/pkg_src/deps/cjson/CMakeFiles/CMakeTmp'


Source file was:
int main(void) { return 0; }
Performing C SOURCE FILE Test FLAG_SUPPORTED_Wundef succeeded with the following output:
Change Dir: /home/fyousfi/Pictures/Ultima-Robotics-Stack/ur-rpc-mastered-main/ur-rpc-mastered/pkg_src/deps/cjson/CMakeFiles/CMakeTmp

Run Build Command(s):/usr/bin/gmake -f Makefile cmTC_1b757/fast && gmake[4]: Entering directory '/home/fyousfi/Pictures/Ultima-Robotics-Stack/ur-rpc-mastered-main/ur-rpc-mastered/pkg_src/deps/cjson/CMakeFiles/CMakeTmp'
/usr/bin/gmake  -f CMakeFiles/cmTC_1b757.dir/build.make CMakeFiles/cmTC_1b757.dir/build
gmake[5]: Entering directory '/home/fyousfi/Pictures/Ultima-Robotics-Stack/ur-rpc-mastered-main/ur-rpc-mastered/pkg_src/deps/cjson/CMakeFiles/CMakeTmp'
Building C object CMakeFiles/cmTC_1b757.dir/src.c.o
/usr/bin/cc -DFLAG_SUPPORTED_Wundef  -fPIC -std=c89 -pedantic -Wall -Wextra -Werror -Wstrict-prototypes -Wwrite-strings -Wshadow -Winit-self -Wcast-align -Wformat=2 -Wmissing-prototypes -Wstrict-overflow=2 -Wcast-qual    -Wundef -o CMakeFiles/cmTC_1b757.dir/src.c.o -c /home/fyousfi/Pictures/Ultima-Robotics-Stack/ur-rpc-mastered-main/ur-rpc-mastered/pkg_src/deps/cjson/CMakeFiles/CMakeTmp/src.c
Linking C executable cmTC_1b757
/usr/bin/cmake -E cmake_link_script CMakeFiles/cmTC_1b757.dir/link.txt --verbose=1
/usr/bin/cc -fPIC -std=c89 -pedantic -Wall -Wextra -Werror -Wstrict-prototypes -Wwrite-strings -Wshadow -Winit-self -Wcast-align -Wformat=2 -Wmissing-prototypes -Wstrict-overflow=2 -Wcast-qual  -rdynamic CMakeFiles/cmTC_1b757.dir/src.c.o -o cmTC_1b757 
gmake[5]: Leaving directory '/home/fyousfi/Pictures/Ultima-Robotics-Stack/ur-rpc-mastered-main/ur-rpc-mastered/pkg_src/deps/cjson/CMakeFiles/CMakeTmp'
gmake[4]: Leaving directory '/home/fyousfi/Pictures/Ultima-Robotics-Stack/ur-rpc-mastered-main/ur-rpc-mastered/pkg_src/deps/cjson/CMakeFiles/CMakeTmp'


Source file was:
int main(void) { return 0; }
Performing C SOURCE FILE Test FLAG_SUPPORTED_Wswitchdefault succeeded with the following output:
Change Dir: /home/fyousfi/Pictures/Ultima-Robotics-Stack/ur-rpc-mastered-main/ur-rpc-mastered/pkg_src/deps/cjson/CMakeFiles/CMakeTmp

Run Build Command(s):/usr/bin/gmake -f Makefile cmTC_85481/fast && gmake[4]: Entering directory '/home/fyousfi/Pictures/Ultima-Robotics-Stack/ur-rpc-mastered-main/ur-rpc-mastered/pkg_src/deps/cjson/CMakeFiles/CMakeTmp'
/usr/bin/gmake  -f CMakeFiles/cmTC_85481.dir/build.make CMakeFiles/cmTC_85481.dir/build
gmake[5]: Entering directory '/home/fyousfi/Pictures/Ultima-Robotics-Stack/ur-rpc-mastered-main/ur-rpc-mastered/pkg_src/deps/cjson/CMakeFiles/CMakeTmp'
Building C object CMakeFiles/cmTC_85481.dir/src.c.o
/usr/bin/cc -DFLAG_SUPPORTED_Wswitchdefault  -fPIC -std=c89 -pedantic -Wall -Wextra -Werror -Wstrict-prototypes -Wwrite-strings -Wshadow -Winit-self -Wcast-align -Wformat=2 -Wmissing-prototypes -Wstrict-overflow=2 -Wcast-qual -Wundef    -Wswitch-default -o CMakeFiles/cmTC_85481.dir/src.c.o -c /home/fyousfi/Pictures/Ultima-Robotics-Stack/ur-rpc-mastered-main/ur-rpc-mastered/pkg_src/deps/cjson/CMakeFiles/CMakeTmp/src.c
Linking C executable cmTC_85481
/usr/bin/cmake -E cmake_link_script CMakeFiles/cmTC_85481.dir/link.txt --verbose=1
/usr/bin/cc -fPIC -std=c89 -pedantic -Wall -Wextra -Werror -Wstrict-prototypes -Wwrite-strings -Wshadow -Winit-self -Wcast-align -Wformat=2 -Wmissing-prototypes -Wstrict-overflow=2 -Wcast-qual -Wundef  -rdynamic CMakeFiles/cmTC_85481.dir/src.c.o -o cmTC_85481 
gmake[5]: Leaving directory '/home/fyousfi/Pictures/Ultima-Robotics-Stack/ur-rpc-mastered-main/ur-rpc-mastered/pkg_src/deps/cjson/CMakeFiles/CMakeTmp'
gmake[4]: Leaving directory '/home/fyousfi/Pictures/Ultima-Robotics-Stack/ur-rpc-mastered-main/ur-rpc-mastered/pkg_src/deps/cjson/CMakeFiles/CMakeTmp'


Source file was:
int main(void) { return 0; }
Performing C SOURCE FILE Test FLAG_SUPPORTED_Wconversion succeeded with the following output:
Change Dir: /home/fyousfi/Pictures/Ultima-Robotics-Stack/ur-rpc-mastered-main/ur-rpc-mastered/pkg_src/deps/cjson/CMakeFiles/CMakeTmp

Run Build Command(s):/usr/bin/gmake -f Makefile cmTC_e6336/fast && gmake[4]: Entering directory '/home/fyousfi/Pictures/Ultima-Robotics-Stack/ur-rpc-mastered-main/ur-rpc-mastered/pkg_src/deps/cjson/CMakeFiles/CMakeTmp'
/usr/bin/gmake  -f CMakeFiles/cmTC_e6336.dir/build.make CMakeFiles/cmTC_e6336.dir/build
gmake[5]: Entering directory '/home/fyousfi/Pictures/Ultima-Robotics-Stack/ur-rpc-mastered-main/ur-rpc-mastered/pkg_src/deps/cjson/CMakeFiles/CMakeTmp'
Building C object CMakeFiles/cmTC_e6336.dir/src.c.o
/usr/bin/cc -DFLAG_SUPPORTED_Wconversion  -fPIC -std=c89 -pedantic -Wall -Wextra -Werror -Wstrict-prototypes -Wwrite-strings -Wshadow -Winit-self -Wcast-align -Wformat=2 -Wmissing-prototypes -Wstrict-overflow=2 -Wcast-qual -Wundef -Wswitch-default    -Wconversion -o CMakeFiles/cmTC_e6336.dir/src.c.o -c /home/fyousfi/Pictures/Ultima-Robotics-Stack/ur-rpc-mastered-main/ur-rpc-mastered/pkg_src/deps/cjson/CMakeFiles/CMakeTmp/src.c
Linking C executable cmTC_e6336
/usr/bin/cmake -E cmake_link_script CMakeFiles/cmTC_e6336.dir/link.txt --verbose=1
/usr/bin/cc -fPIC -std=c89 -pedantic -Wall -Wextra -Werror -Wstrict-prototypes -Wwrite-strings -Wshadow -Winit-self -Wcast-align -Wformat=2 -Wmissing-prototypes -Wstrict-overflow=2 -Wcast-qual -Wundef -Wswitch-default  -rdynamic CMakeFiles/cmTC_e6336.dir/src.c.o -o cmTC_e6336 
gmake[5]: Leaving directory '/home/fyousfi/Pictures/Ultima-Robotics-Stack/ur-rpc-mastered-main/ur-rpc-mastered/pkg_src/deps/cjson/CMakeFiles/CMakeTmp'
gmake[4]: Leaving directory '/home/fyousfi/Pictures/Ultima-Robotics-Stack/ur-rpc-mastered-main/ur-rpc-mastered/pkg_src/deps/cjson/CMakeFiles/CMakeTmp'


Source file was:
int main(void) { return 0; }
Performing C SOURCE FILE Test FLAG_SUPPORTED_Wccompat succeeded with the following output:
Change Dir: /home/fyousfi/Pictures/Ultima-Robotics-Stack/ur-rpc-mastered-main/ur-rpc-mastered/pkg_src/deps/cjson/CMakeFiles/CMakeTmp

Run Build Command(s):/usr/bin/gmake -f Makefile cmTC_2cd90/fast && gmake[4]: Entering directory '/home/fyousfi/Pictures/Ultima-Robotics-Stack/ur-rpc-mastered-main/ur-rpc-mastered/pkg_src/deps/cjson/CMakeFiles/CMakeTmp'
/usr/bin/gmake  -f CMakeFiles/cmTC_2cd90.dir/build.make CMakeFiles/cmTC_2cd90.dir/build
gmake[5]: Entering directory '/home/fyousfi/Pictures/Ultima-Robotics-Stack/ur-rpc-mastered-main/ur-rpc-mastered/pkg_src/deps/cjson/CMakeFiles/CMakeTmp'
Building C object CMakeFiles/cmTC_2cd90.dir/src.c.o
/usr/bin/cc -DFLAG_SUPPORTED_Wccompat  -fPIC -std=c89 -pedantic -Wall -Wextra -Werror -Wstrict-prototypes -Wwrite-strings -Wshadow -Winit-self -Wcast-align -Wformat=2 -Wmissing-prototypes -Wstrict-overflow=2 -Wcast-qual -Wundef -Wswitch-default -Wconversion    -Wc++-compat -o CMakeFiles/cmTC_2cd90.dir/src.c.o -c /home/fyousfi/Pictures/Ultima-Robotics-Stack/ur-rpc-mastered-main/ur-rpc-mastered/pkg_src/deps/cjson/CMakeFiles/CMakeTmp/src.c
Linking C executable cmTC_2cd90
/usr/bin/cmake -E cmake_link_script CMakeFiles/cmTC_2cd90.dir/link.txt --verbose=1
/usr/bin/cc -fPIC -std=c89 -pedantic -Wall -Wextra -Werror -Wstrict-prototypes -Wwrite-strings -Wshadow -Winit-self -Wcast-align -Wformat=2 -Wmissing-prototypes -Wstrict-overflow=2 -Wcast-qual -Wundef -Wswitch-default -Wconversion  -rdynamic CMakeFiles/cmTC_2cd90.dir/src.c.o -o cmTC_2cd90 
gmake[5]: Leaving directory '/home/fyousfi/Pictures/Ultima-Robotics-Stack/ur-rpc-mastered-main/ur-rpc-mastered/pkg_src/deps/cjson/CMakeFiles/CMakeTmp'
gmake[4]: Leaving directory '/home/fyousfi/Pictures/Ultima-Robotics-Stack/ur-rpc-mastered-main/ur-rpc-mastered/pkg_src/deps/cjson/CMakeFiles/CMakeTmp'


Source file was:
int main(void) { return 0; }
Performing C SOURCE FILE Test FLAG_SUPPORTED_fstackprotectorstrong succeeded with the following output:
Change Dir: /home/fyousfi/Pictures/Ultima-Robotics-Stack/ur-rpc-mastered-main/ur-rpc-mastered/pkg_src/deps/cjson/CMakeFiles/CMakeTmp

Run Build Command(s):/usr/bin/gmake -f Makefile cmTC_e4e23/fast && gmake[4]: Entering directory '/home/fyousfi/Pictures/Ultima-Robotics-Stack/ur-rpc-mastered-main/ur-rpc-mastered/pkg_src/deps/cjson/CMakeFiles/CMakeTmp'
/usr/bin/gmake  -f CMakeFiles/cmTC_e4e23.dir/build.make CMakeFiles/cmTC_e4e23.dir/build
gmake[5]: Entering directory '/home/fyousfi/Pictures/Ultima-Robotics-Stack/ur-rpc-mastered-main/ur-rpc-mastered/pkg_src/deps/cjson/CMakeFiles/CMakeTmp'
Building C object CMakeFiles/cmTC_e4e23.dir/src.c.o
/usr/bin/cc -DFLAG_SUPPORTED_fstackprotectorstrong  -fPIC -std=c89 -pedantic -Wall -Wextra -Werror -Wstrict-prototypes -Wwrite-strings -Wshadow -Winit-self -Wcast-align -Wformat=2 -Wmissing-prototypes -Wstrict-overflow=2 -Wcast-qual -Wundef -Wswitch-default -Wconversion -Wc++-compat    -fstack-protector-strong -o CMakeFiles/cmTC_e4e23.dir/src.c.o -c /home/fyousfi/Pictures/Ultima-Robotics-Stack/ur-rpc-mastered-main/ur-rpc-mastered/pkg_src/deps/cjson/CMakeFiles/CMakeTmp/src.c
Linking C executable cmTC_e4e23
/usr/bin/cmake -E cmake_link_script CMakeFiles/cmTC_e4e23.dir/link.txt --verbose=1
/usr/bin/cc -fPIC -std=c89 -pedantic -Wall -Wextra -Werror -Wstrict-prototypes -Wwrite-strings -Wshadow -Winit-self -Wcast-align -Wformat=2 -Wmissing-prototypes -Wstrict-overflow=2 -Wcast-qual -Wundef -Wswitch-default -Wconversion -Wc++-compat  -rdynamic CMakeFiles/cmTC_e4e23.dir/src.c.o -o cmTC_e4e23 
gmake[5]: Leaving directory '/home/fyousfi/Pictures/Ultima-Robotics-Stack/ur-rpc-mastered-main/ur-rpc-mastered/pkg_src/deps/cjson/CMakeFiles/CMakeTmp'
gmake[4]: Leaving directory '/home/fyousfi/Pictures/Ultima-Robotics-Stack/ur-rpc-mastered-main/ur-rpc-mastered/pkg_src/deps/cjson/CMakeFiles/CMakeTmp'


Source file was:
int main(void) { return 0; }
Performing C SOURCE FILE Test FLAG_SUPPORTED_Wdoublepromotion succeeded with the following output:
Change Dir: /home/fyousfi/Pictures/Ultima-Robotics-Stack/ur-rpc-mastered-main/ur-rpc-mastered/pkg_src/deps/cjson/CMakeFiles/CMakeTmp

Run Build Command(s):/usr/bin/gmake -f Makefile cmTC_29c95/fast && gmake[4]: Entering directory '/home/fyousfi/Pictures/Ultima-Robotics-Stack/ur-rpc-mastered-main/ur-rpc-mastered/pkg_src/deps/cjson/CMakeFiles/CMakeTmp'
/usr/bin/gmake  -f CMakeFiles/cmTC_29c95.dir/build.make CMakeFiles/cmTC_29c95.dir/build
gmake[5]: Entering directory '/home/fyousfi/Pictures/Ultima-Robotics-Stack/ur-rpc-mastered-main/ur-rpc-mastered/pkg_src/deps/cjson/CMakeFiles/CMakeTmp'
Building C object CMakeFiles/cmTC_29c95.dir/src.c.o
/usr/bin/cc -DFLAG_SUPPORTED_Wdoublepromotion  -fPIC -std=c89 -pedantic -Wall -Wextra -Werror -Wstrict-prototypes -Wwrite-strings -Wshadow -Winit-self -Wcast-align -Wformat=2 -Wmissing-prototypes -Wstrict-overflow=2 -Wcast-qual -Wundef -Wswitch-default -Wconversion -Wc++-compat -fstack-protector-strong    -Wdouble-promotion -o CMakeFiles/cmTC_29c95.dir/src.c.o -c /home/fyousfi/Pictures/Ultima-Robotics-Stack/ur-rpc-mastered-main/ur-rpc-mastered/pkg_src/deps/cjson/CMakeFiles/CMakeTmp/src.c
Linking C executable cmTC_29c95
/usr/bin/cmake -E cmake_link_script CMakeFiles/cmTC_29c95.dir/link.txt --verbose=1
/usr/bin/cc -fPIC -std=c89 -pedantic -Wall -Wextra -Werror -Wstrict-prototypes -Wwrite-strings -Wshadow -Winit-self -Wcast-align -Wformat=2 -Wmissing-prototypes -Wstrict-overflow=2 -Wcast-qual -Wundef -Wswitch-default -Wconversion -Wc++-compat -fstack-protector-strong  -rdynamic CMakeFiles/cmTC_29c95.dir/src.c.o -o cmTC_29c95 
gmake[5]: Leaving directory '/home/fyousfi/Pictures/Ultima-Robotics-Stack/ur-rpc-mastered-main/ur-rpc-mastered/pkg_src/deps/cjson/CMakeFiles/CMakeTmp'
gmake[4]: Leaving directory '/home/fyousfi/Pictures/Ultima-Robotics-Stack/ur-rpc-mastered-main/ur-rpc-mastered/pkg_src/deps/cjson/CMakeFiles/CMakeTmp'


Source file was:
int main(void) { return 0; }
Performing C SOURCE FILE Test FLAG_SUPPORTED_Wparentheses succeeded with the following output:
Change Dir: /home/fyousfi/Pictures/Ultima-Robotics-Stack/ur-rpc-mastered-main/ur-rpc-mastered/pkg_src/deps/cjson/CMakeFiles/CMakeTmp

Run Build Command(s):/usr/bin/gmake -f Makefile cmTC_ab591/fast && gmake[4]: Entering directory '/home/fyousfi/Pictures/Ultima-Robotics-Stack/ur-rpc-mastered-main/ur-rpc-mastered/pkg_src/deps/cjson/CMakeFiles/CMakeTmp'
/usr/bin/gmake  -f CMakeFiles/cmTC_ab591.dir/build.make CMakeFiles/cmTC_ab591.dir/build
gmake[5]: Entering directory '/home/fyousfi/Pictures/Ultima-Robotics-Stack/ur-rpc-mastered-main/ur-rpc-mastered/pkg_src/deps/cjson/CMakeFiles/CMakeTmp'
Building C object CMakeFiles/cmTC_ab591.dir/src.c.o
/usr/bin/cc -DFLAG_SUPPORTED_Wparentheses  -fPIC -std=c89 -pedantic -Wall -Wextra -Werror -Wstrict-prototypes -Wwrite-strings -Wshadow -Winit-self -Wcast-align -Wformat=2 -Wmissing-prototypes -Wstrict-overflow=2 -Wcast-qual -Wundef -Wswitch-default -Wconversion -Wc++-compat -fstack-protector-strong -Wdouble-promotion    -Wparentheses -o CMakeFiles/cmTC_ab591.dir/src.c.o -c /home/fyousfi/Pictures/Ultima-Robotics-Stack/ur-rpc-mastered-main/ur-rpc-mastered/pkg_src/deps/cjson/CMakeFiles/CMakeTmp/src.c
Linking C executable cmTC_ab591
/usr/bin/cmake -E cmake_link_script CMakeFiles/cmTC_ab591.dir/link.txt --verbose=1
/usr/bin/cc -fPIC -std=c89 -pedantic -Wall -Wextra -Werror -Wstrict-prototypes -Wwrite-strings -Wshadow -Winit-self -Wcast-align -Wformat=2 -Wmissing-prototypes -Wstrict-overflow=2 -Wcast-qual -Wundef -Wswitch-default -Wconversion -Wc++-compat -fstack-protector-strong -Wdouble-promotion  -rdynamic CMakeFiles/cmTC_ab591.dir/src.c.o -o cmTC_ab591 
gmake[5]: Leaving directory '/home/fyousfi/Pictures/Ultima-Robotics-Stack/ur-rpc-mastered-main/ur-rpc-mastered/pkg_src/deps/cjson/CMakeFiles/CMakeTmp'
gmake[4]: Leaving directory '/home/fyousfi/Pictures/Ultima-Robotics-Stack/ur-rpc-mastered-main/ur-rpc-mastered/pkg_src/deps/cjson/CMakeFiles/CMakeTmp'


Source file was:
int main(void) { return 0; }
Performing C SOURCE FILE Test FLAG_SUPPORTED_Wformatoverflow succeeded with the following output:
Change Dir: /home/fyousfi/Pictures/Ultima-Robotics-Stack/ur-rpc-mastered-main/ur-rpc-mastered/pkg_src/deps/cjson/CMakeFiles/CMakeTmp

Run Build Command(s):/usr/bin/gmake -f Makefile cmTC_80203/fast && gmake[4]: Entering directory '/home/fyousfi/Pictures/Ultima-Robotics-Stack/ur-rpc-mastered-main/ur-rpc-mastered/pkg_src/deps/cjson/CMakeFiles/CMakeTmp'
/usr/bin/gmake  -f CMakeFiles/cmTC_80203.dir/build.make CMakeFiles/cmTC_80203.dir/build
gmake[5]: Entering directory '/home/fyousfi/Pictures/Ultima-Robotics-Stack/ur-rpc-mastered-main/ur-rpc-mastered/pkg_src/deps/cjson/CMakeFiles/CMakeTmp'
Building C object CMakeFiles/cmTC_80203.dir/src.c.o
/usr/bin/cc -DFLAG_SUPPORTED_Wformatoverflow  -fPIC -std=c89 -pedantic -Wall -Wextra -Werror -Wstrict-prototypes -Wwrite-strings -Wshadow -Winit-self -Wcast-align -Wformat=2 -Wmissing-prototypes -Wstrict-overflow=2 -Wcast-qual -Wundef -Wswitch-default -Wconversion -Wc++-compat -fstack-protector-strong -Wdouble-promotion -Wparentheses    -Wformat-overflow -o CMakeFiles/cmTC_80203.dir/src.c.o -c /home/fyousfi/Pictures/Ultima-Robotics-Stack/ur-rpc-mastered-main/ur-rpc-mastered/pkg_src/deps/cjson/CMakeFiles/CMakeTmp/src.c
Linking C executable cmTC_80203
/usr/bin/cmake -E cmake_link_script CMakeFiles/cmTC_80203.dir/link.txt --verbose=1
/usr/bin/cc -fPIC -std=c89 -pedantic -Wall -Wextra -Werror -Wstrict-prototypes -Wwrite-strings -Wshadow -Winit-self -Wcast-align -Wformat=2 -Wmissing-prototypes -Wstrict-overflow=2 -Wcast-qual -Wundef -Wswitch-default -Wconversion -Wc++-compat -fstack-protector-strong -Wdouble-promotion -Wparentheses  -rdynamic CMakeFiles/cmTC_80203.dir/src.c.o -o cmTC_80203 
gmake[5]: Leaving directory '/home/fyousfi/Pictures/Ultima-Robotics-Stack/ur-rpc-mastered-main/ur-rpc-mastered/pkg_src/deps/cjson/CMakeFiles/CMakeTmp'
gmake[4]: Leaving directory '/home/fyousfi/Pictures/Ultima-Robotics-Stack/ur-rpc-mastered-main/ur-rpc-mastered/pkg_src/deps/cjson/CMakeFiles/CMakeTmp'


Source file was:
int main(void) { return 0; }
Performing C SOURCE FILE Test FLAG_SUPPORTED_Wunusedmacros succeeded with the following output:
Change Dir: /home/fyousfi/Pictures/Ultima-Robotics-Stack/ur-rpc-mastered-main/ur-rpc-mastered/pkg_src/deps/cjson/CMakeFiles/CMakeTmp

Run Build Command(s):/usr/bin/gmake -f Makefile cmTC_404d1/fast && gmake[4]: Entering directory '/home/fyousfi/Pictures/Ultima-Robotics-Stack/ur-rpc-mastered-main/ur-rpc-mastered/pkg_src/deps/cjson/CMakeFiles/CMakeTmp'
/usr/bin/gmake  -f CMakeFiles/cmTC_404d1.dir/build.make CMakeFiles/cmTC_404d1.dir/build
gmake[5]: Entering directory '/home/fyousfi/Pictures/Ultima-Robotics-Stack/ur-rpc-mastered-main/ur-rpc-mastered/pkg_src/deps/cjson/CMakeFiles/CMakeTmp'
Building C object CMakeFiles/cmTC_404d1.dir/src.c.o
/usr/bin/cc -DFLAG_SUPPORTED_Wunusedmacros  -fPIC -std=c89 -pedantic -Wall -Wextra -Werror -Wstrict-prototypes -Wwrite-strings -Wshadow -Winit-self -Wcast-align -Wformat=2 -Wmissing-prototypes -Wstrict-overflow=2 -Wcast-qual -Wundef -Wswitch-default -Wconversion -Wc++-compat -fstack-protector-strong -Wdouble-promotion -Wparentheses -Wformat-overflow    -Wunused-macros -o CMakeFiles/cmTC_404d1.dir/src.c.o -c /home/fyousfi/Pictures/Ultima-Robotics-Stack/ur-rpc-mastered-main/ur-rpc-mastered/pkg_src/deps/cjson/CMakeFiles/CMakeTmp/src.c
Linking C executable cmTC_404d1
/usr/bin/cmake -E cmake_link_script CMakeFiles/cmTC_404d1.dir/link.txt --verbose=1
/usr/bin/cc -fPIC -std=c89 -pedantic -Wall -Wextra -Werror -Wstrict-prototypes -Wwrite-strings -Wshadow -Winit-self -Wcast-align -Wformat=2 -Wmissing-prototypes -Wstrict-overflow=2 -Wcast-qual -Wundef -Wswitch-default -Wconversion -Wc++-compat -fstack-protector-strong -Wdouble-promotion -Wparentheses -Wformat-overflow  -rdynamic CMakeFiles/cmTC_404d1.dir/src.c.o -o cmTC_404d1 
gmake[5]: Leaving directory '/home/fyousfi/Pictures/Ultima-Robotics-Stack/ur-rpc-mastered-main/ur-rpc-mastered/pkg_src/deps/cjson/CMakeFiles/CMakeTmp'
gmake[4]: Leaving directory '/home/fyousfi/Pictures/Ultima-Robotics-Stack/ur-rpc-mastered-main/ur-rpc-mastered/pkg_src/deps/cjson/CMakeFiles/CMakeTmp'


Source file was:
int main(void) { return 0; }
Performing C SOURCE FILE Test FLAG_SUPPORTED_Wswitchenum succeeded with the following output:
Change Dir: /home/fyousfi/Pictures/Ultima-Robotics-Stack/ur-rpc-mastered-main/ur-rpc-mastered/pkg_src/deps/cjson/CMakeFiles/CMakeTmp

Run Build Command(s):/usr/bin/gmake -f Makefile cmTC_40b53/fast && gmake[4]: Entering directory '/home/fyousfi/Pictures/Ultima-Robotics-Stack/ur-rpc-mastered-main/ur-rpc-mastered/pkg_src/deps/cjson/CMakeFiles/CMakeTmp'
/usr/bin/gmake  -f CMakeFiles/cmTC_40b53.dir/build.make CMakeFiles/cmTC_40b53.dir/build
gmake[5]: Entering directory '/home/fyousfi/Pictures/Ultima-Robotics-Stack/ur-rpc-mastered-main/ur-rpc-mastered/pkg_src/deps/cjson/CMakeFiles/CMakeTmp'
Building C object CMakeFiles/cmTC_40b53.dir/src.c.o
/usr/bin/cc -DFLAG_SUPPORTED_Wswitchenum  -fPIC -std=c89 -pedantic -Wall -Wextra -Werror -Wstrict-prototypes -Wwrite-strings -Wshadow -Winit-self -Wcast-align -Wformat=2 -Wmissing-prototypes -Wstrict-overflow=2 -Wcast-qual -Wundef -Wswitch-default -Wconversion -Wc++-compat -fstack-protector-strong -Wdouble-promotion -Wparentheses -Wformat-overflow -Wunused-macros    -Wswitch-enum -o CMakeFiles/cmTC_40b53.dir/src.c.o -c /home/fyousfi/Pictures/Ultima-Robotics-Stack/ur-rpc-mastered-main/ur-rpc-mastered/pkg_src/deps/cjson/CMakeFiles/CMakeTmp/src.c
Linking C executable cmTC_40b53
/usr/bin/cmake -E cmake_link_script CMakeFiles/cmTC_40b53.dir/link.txt --verbose=1
/usr/bin/cc -fPIC -std=c89 -pedantic -Wall -Wextra -Werror -Wstrict-prototypes -Wwrite-strings -Wshadow -Winit-self -Wcast-align -Wformat=2 -Wmissing-prototypes -Wstrict-overflow=2 -Wcast-qual -Wundef -Wswitch-default -Wconversion -Wc++-compat -fstack-protector-strong -Wdouble-promotion -Wparentheses -Wformat-overflow -Wunused-macros  -rdynamic CMakeFiles/cmTC_40b53.dir/src.c.o -o cmTC_40b53 
gmake[5]: Leaving directory '/home/fyousfi/Pictures/Ultima-Robotics-Stack/ur-rpc-mastered-main/ur-rpc-mastered/pkg_src/deps/cjson/CMakeFiles/CMakeTmp'
gmake[4]: Leaving directory '/home/fyousfi/Pictures/Ultima-Robotics-Stack/ur-rpc-mastered-main/ur-rpc-mastered/pkg_src/deps/cjson/CMakeFiles/CMakeTmp'


Source file was:
int main(void) { return 0; }
Performing C SOURCE FILE Test FLAG_SUPPORTED_fvisibilityhidden succeeded with the following output:
Change Dir: /home/fyousfi/Pictures/Ultima-Robotics-Stack/ur-rpc-mastered-main/ur-rpc-mastered/pkg_src/deps/cjson/CMakeFiles/CMakeTmp

Run Build Command(s):/usr/bin/gmake -f Makefile cmTC_0228d/fast && gmake[4]: Entering directory '/home/fyousfi/Pictures/Ultima-Robotics-Stack/ur-rpc-mastered-main/ur-rpc-mastered/pkg_src/deps/cjson/CMakeFiles/CMakeTmp'
/usr/bin/gmake  -f CMakeFiles/cmTC_0228d.dir/build.make CMakeFiles/cmTC_0228d.dir/build
gmake[5]: Entering directory '/home/fyousfi/Pictures/Ultima-Robotics-Stack/ur-rpc-mastered-main/ur-rpc-mastered/pkg_src/deps/cjson/CMakeFiles/CMakeTmp'
Building C object CMakeFiles/cmTC_0228d.dir/src.c.o
/usr/bin/cc -DFLAG_SUPPORTED_fvisibilityhidden  -fPIC -std=c89 -pedantic -Wall -Wextra -Werror -Wstrict-prototypes -Wwrite-strings -Wshadow -Winit-self -Wcast-align -Wformat=2 -Wmissing-prototypes -Wstrict-overflow=2 -Wcast-qual -Wundef -Wswitch-default -Wconversion -Wc++-compat -fstack-protector-strong -Wdouble-promotion -Wparentheses -Wformat-overflow -Wunused-macros -Wswitch-enum    -fvisibility=hidden -o CMakeFiles/cmTC_0228d.dir/src.c.o -c /home/fyousfi/Pictures/Ultima-Robotics-Stack/ur-rpc-mastered-main/ur-rpc-mastered/pkg_src/deps/cjson/CMakeFiles/CMakeTmp/src.c
Linking C executable cmTC_0228d
/usr/bin/cmake -E cmake_link_script CMakeFiles/cmTC_0228d.dir/link.txt --verbose=1
/usr/bin/cc -fPIC -std=c89 -pedantic -Wall -Wextra -Werror -Wstrict-prototypes -Wwrite-strings -Wshadow -Winit-self -Wcast-align -Wformat=2 -Wmissing-prototypes -Wstrict-overflow=2 -Wcast-qual -Wundef -Wswitch-default -Wconversion -Wc++-compat -fstack-protector-strong -Wdouble-promotion -Wparentheses -Wformat-overflow -Wunused-macros -Wswitch-enum  -rdynamic CMakeFiles/cmTC_0228d.dir/src.c.o -o cmTC_0228d 
gmake[5]: Leaving directory '/home/fyousfi/Pictures/Ultima-Robotics-Stack/ur-rpc-mastered-main/ur-rpc-mastered/pkg_src/deps/cjson/CMakeFiles/CMakeTmp'
gmake[4]: Leaving directory '/home/fyousfi/Pictures/Ultima-Robotics-Stack/ur-rpc-mastered-main/ur-rpc-mastered/pkg_src/deps/cjson/CMakeFiles/CMakeTmp'


Source file was:
int main(void) { return 0; }
